{"/home/travis/build/npmtest/node-npmtest-react-draggable/test.js":{"path":"/home/travis/build/npmtest/node-npmtest-react-draggable/test.js","s":{"1":2,"2":2,"3":2,"4":2,"5":2,"6":2,"7":2,"8":1,"9":2,"10":2,"11":1,"12":1,"13":1,"14":1,"15":2,"16":2,"17":2,"18":2,"19":1,"20":1,"21":2,"22":2,"23":2,"24":1,"25":1,"26":1,"27":1,"28":1,"29":1,"30":1,"31":1,"32":1,"33":1,"34":1,"35":1,"36":1,"37":1,"38":1,"39":2,"40":2,"41":1,"42":2,"43":2,"44":1,"45":2,"46":2,"47":1,"48":2,"49":2,"50":1,"51":1,"52":1,"53":1,"54":1},"b":{"1":[2,1,1,1],"2":[1,1,1,1],"3":[1,1],"4":[1,1],"5":[1,1],"6":[1,1],"7":[1,1],"8":[1,1],"9":[1,1],"10":[1,1,1],"11":[1,1],"12":[1,1],"13":[1,1],"14":[1,1],"15":[1,1],"16":[1,1],"17":[1,1]},"f":{"1":2,"2":2,"3":2,"4":2,"5":2,"6":1,"7":1,"8":1,"9":2,"10":2,"11":2,"12":2,"13":1},"fnMap":{"1":{"name":"(anonymous_1)","line":12,"loc":{"start":{"line":12,"column":1},"end":{"line":12,"column":13}}},"2":{"name":"(anonymous_2)","line":19,"loc":{"start":{"line":19,"column":5},"end":{"line":19,"column":17}}},"3":{"name":"(anonymous_3)","line":23,"loc":{"start":{"line":23,"column":24},"end":{"line":23,"column":36}}},"4":{"name":"(anonymous_4)","line":61,"loc":{"start":{"line":61,"column":5},"end":{"line":61,"column":17}}},"5":{"name":"(anonymous_5)","line":82,"loc":{"start":{"line":82,"column":5},"end":{"line":82,"column":17}}},"6":{"name":"(anonymous_6)","line":91,"loc":{"start":{"line":91,"column":77},"end":{"line":94,"column":10}}},"7":{"name":"(anonymous_7)","line":112,"loc":{"start":{"line":112,"column":83},"end":{"line":115,"column":10}},"skip":true},"8":{"name":"(anonymous_8)","line":123,"loc":{"start":{"line":123,"column":77},"end":{"line":126,"column":10}},"skip":true},"9":{"name":"(anonymous_9)","line":139,"loc":{"start":{"line":139,"column":12},"end":{"line":139,"column":40}},"skip":true},"10":{"name":"(anonymous_10)","line":147,"loc":{"start":{"line":147,"column":77},"end":{"line":150,"column":10}},"skip":true},"11":{"name":"(anonymous_11)","line":158,"loc":{"start":{"line":158,"column":83},"end":{"line":161,"column":10}},"skip":true},"12":{"name":"(anonymous_12)","line":169,"loc":{"start":{"line":169,"column":79},"end":{"line":172,"column":10}},"skip":true},"13":{"name":"(anonymous_13)","line":180,"loc":{"start":{"line":180,"column":75},"end":{"line":183,"column":10}},"skip":true}},"statementMap":{"1":{"start":{"line":12,"column":0},"end":{"line":195,"column":5}},"2":{"start":{"line":14,"column":4},"end":{"line":14,"column":14}},"3":{"start":{"line":19,"column":4},"end":{"line":56,"column":9}},"4":{"start":{"line":21,"column":8},"end":{"line":21,"column":19}},"5":{"start":{"line":23,"column":8},"end":{"line":35,"column":13}},"6":{"start":{"line":24,"column":12},"end":{"line":34,"column":13}},"7":{"start":{"line":25,"column":16},"end":{"line":28,"column":30}},"8":{"start":{"line":30,"column":16},"end":{"line":33,"column":27}},"9":{"start":{"line":37,"column":8},"end":{"line":39,"column":21}},"10":{"start":{"line":40,"column":8},"end":{"line":53,"column":9}},"11":{"start":{"line":43,"column":12},"end":{"line":46,"column":14}},"12":{"start":{"line":47,"column":12},"end":{"line":47,"column":18}},"13":{"start":{"line":50,"column":12},"end":{"line":51,"column":33}},"14":{"start":{"line":52,"column":12},"end":{"line":52,"column":18}},"15":{"start":{"line":55,"column":8},"end":{"line":55,"column":35}},"16":{"start":{"line":61,"column":4},"end":{"line":63,"column":9}},"17":{"start":{"line":62,"column":8},"end":{"line":62,"column":15}},"18":{"start":{"line":64,"column":4},"end":{"line":77,"column":5}},"19":{"start":{"line":70,"column":8},"end":{"line":70,"column":14}},"20":{"start":{"line":76,"column":8},"end":{"line":76,"column":14}},"21":{"start":{"line":82,"column":4},"end":{"line":84,"column":9}},"22":{"start":{"line":83,"column":8},"end":{"line":83,"column":15}},"23":{"start":{"line":85,"column":4},"end":{"line":194,"column":5}},"24":{"start":{"line":91,"column":8},"end":{"line":99,"column":10}},"25":{"start":{"line":98,"column":12},"end":{"line":98,"column":35}},"26":{"start":{"line":102,"column":8},"end":{"line":104,"column":63}},"27":{"start":{"line":105,"column":8},"end":{"line":105,"column":14}},"28":{"start":{"line":112,"column":8},"end":{"line":121,"column":10},"skip":true},"29":{"start":{"line":119,"column":12},"end":{"line":119,"column":55},"skip":true},"30":{"start":{"line":120,"column":12},"end":{"line":120,"column":48},"skip":true},"31":{"start":{"line":123,"column":8},"end":{"line":136,"column":10},"skip":true},"32":{"start":{"line":130,"column":12},"end":{"line":130,"column":76},"skip":true},"33":{"start":{"line":131,"column":12},"end":{"line":131,"column":73},"skip":true},"34":{"start":{"line":132,"column":12},"end":{"line":132,"column":74},"skip":true},"35":{"start":{"line":133,"column":12},"end":{"line":133,"column":79},"skip":true},"36":{"start":{"line":134,"column":12},"end":{"line":134,"column":25},"skip":true},"37":{"start":{"line":135,"column":12},"end":{"line":135,"column":45},"skip":true},"38":{"start":{"line":138,"column":8},"end":{"line":145,"column":14},"skip":true},"39":{"start":{"line":143,"column":16},"end":{"line":143,"column":29},"skip":true},"40":{"start":{"line":144,"column":16},"end":{"line":144,"column":55},"skip":true},"41":{"start":{"line":147,"column":8},"end":{"line":156,"column":10},"skip":true},"42":{"start":{"line":154,"column":12},"end":{"line":154,"column":25},"skip":true},"43":{"start":{"line":155,"column":12},"end":{"line":155,"column":45},"skip":true},"44":{"start":{"line":158,"column":8},"end":{"line":167,"column":10},"skip":true},"45":{"start":{"line":165,"column":12},"end":{"line":165,"column":25},"skip":true},"46":{"start":{"line":166,"column":12},"end":{"line":166,"column":48},"skip":true},"47":{"start":{"line":169,"column":8},"end":{"line":178,"column":10},"skip":true},"48":{"start":{"line":176,"column":12},"end":{"line":176,"column":25},"skip":true},"49":{"start":{"line":177,"column":12},"end":{"line":177,"column":46},"skip":true},"50":{"start":{"line":180,"column":8},"end":{"line":189,"column":10},"skip":true},"51":{"start":{"line":187,"column":12},"end":{"line":187,"column":94},"skip":true},"52":{"start":{"line":188,"column":12},"end":{"line":188,"column":48},"skip":true},"53":{"start":{"line":192,"column":8},"end":{"line":192,"column":35},"skip":true},"54":{"start":{"line":193,"column":8},"end":{"line":193,"column":14},"skip":true}},"branchMap":{"1":{"line":25,"type":"binary-expr","locations":[{"start":{"line":25,"column":23},"end":{"line":25,"column":62}},{"start":{"line":26,"column":20},"end":{"line":26,"column":70}},{"start":{"line":27,"column":20},"end":{"line":27,"column":71}},{"start":{"line":28,"column":20},"end":{"line":28,"column":29}}]},"2":{"line":30,"type":"binary-expr","locations":[{"start":{"line":30,"column":23},"end":{"line":30,"column":37}},{"start":{"line":31,"column":20},"end":{"line":31,"column":61}},{"start":{"line":32,"column":20},"end":{"line":32,"column":70}},{"start":{"line":33,"column":20},"end":{"line":33,"column":26}}]},"3":{"line":37,"type":"cond-expr","locations":[{"start":{"line":38,"column":14},"end":{"line":38,"column":20}},{"start":{"line":39,"column":14},"end":{"line":39,"column":20}}]},"4":{"line":40,"type":"switch","locations":[{"start":{"line":42,"column":8},"end":{"line":47,"column":18}},{"start":{"line":49,"column":8},"end":{"line":52,"column":18}}]},"5":{"line":44,"type":"binary-expr","locations":[{"start":{"line":44,"column":16},"end":{"line":44,"column":44}},{"start":{"line":44,"column":48},"end":{"line":44,"column":66}}]},"6":{"line":50,"type":"binary-expr","locations":[{"start":{"line":50,"column":21},"end":{"line":50,"column":49}},{"start":{"line":50,"column":53},"end":{"line":50,"column":72}}]},"7":{"line":64,"type":"switch","locations":[{"start":{"line":69,"column":4},"end":{"line":70,"column":14}},{"start":{"line":75,"column":4},"end":{"line":76,"column":14}}]},"8":{"line":85,"type":"switch","locations":[{"start":{"line":90,"column":4},"end":{"line":105,"column":14}},{"start":{"line":111,"column":4},"end":{"line":193,"column":14},"skip":true}]},"9":{"line":91,"type":"binary-expr","locations":[{"start":{"line":91,"column":42},"end":{"line":91,"column":73}},{"start":{"line":91,"column":77},"end":{"line":99,"column":9}}]},"10":{"line":102,"type":"binary-expr","locations":[{"start":{"line":102,"column":18},"end":{"line":102,"column":32}},{"start":{"line":103,"column":12},"end":{"line":103,"column":53}},{"start":{"line":104,"column":12},"end":{"line":104,"column":61}}]},"11":{"line":112,"type":"binary-expr","locations":[{"start":{"line":112,"column":45},"end":{"line":112,"column":79},"skip":true},{"start":{"line":112,"column":83},"end":{"line":121,"column":9},"skip":true}]},"12":{"line":123,"type":"binary-expr","locations":[{"start":{"line":123,"column":42},"end":{"line":123,"column":73},"skip":true},{"start":{"line":123,"column":77},"end":{"line":136,"column":9},"skip":true}]},"13":{"line":138,"type":"binary-expr","locations":[{"start":{"line":138,"column":48},"end":{"line":138,"column":85},"skip":true},{"start":{"line":139,"column":12},"end":{"line":145,"column":13},"skip":true}]},"14":{"line":147,"type":"binary-expr","locations":[{"start":{"line":147,"column":42},"end":{"line":147,"column":73},"skip":true},{"start":{"line":147,"column":77},"end":{"line":156,"column":9},"skip":true}]},"15":{"line":158,"type":"binary-expr","locations":[{"start":{"line":158,"column":45},"end":{"line":158,"column":79},"skip":true},{"start":{"line":158,"column":83},"end":{"line":167,"column":9},"skip":true}]},"16":{"line":169,"type":"binary-expr","locations":[{"start":{"line":169,"column":43},"end":{"line":169,"column":75},"skip":true},{"start":{"line":169,"column":79},"end":{"line":178,"column":9},"skip":true}]},"17":{"line":180,"type":"binary-expr","locations":[{"start":{"line":180,"column":41},"end":{"line":180,"column":71},"skip":true},{"start":{"line":180,"column":75},"end":{"line":189,"column":9},"skip":true}]}},"code":["/* istanbul instrument in package npmtest_react_draggable */","/*jslint","    bitwise: true,","    browser: true,","    maxerr: 8,","    maxlen: 96,","    node: true,","    nomen: true,","    regexp: true,","    stupid: true","*/","(function () {","    'use strict';","    var local;","","","","    // run shared js-env code - pre-init","    (function () {","        // init local","        local = {};","        // init modeJs","        local.modeJs = (function () {","            try {","                return typeof navigator.userAgent === 'string' &&","                    typeof document.querySelector('body') === 'object' &&","                    typeof XMLHttpRequest.prototype.open === 'function' &&","                    'browser';","            } catch (errorCaughtBrowser) {","                return module.exports &&","                    typeof process.versions.node === 'string' &&","                    typeof require('http').createServer === 'function' &&","                    'node';","            }","        }());","        // init global","        local.global = local.modeJs === 'browser'","            ? window","            : global;","        switch (local.modeJs) {","        // re-init local from window.local","        case 'browser':","            local = local.global.utility2.objectSetDefault(","                local.global.utility2_rollup || local.global.local,","                local.global.utility2","            );","            break;","        // re-init local from example.js","        case 'node':","            local = (local.global.utility2_rollup || require('utility2'))","                .requireReadme();","            break;","        }","        // export local","        local.global.local = local;","    }());","","","","    // run shared js-env code - function","    (function () {","        return;","    }());","    switch (local.modeJs) {","","","","    // run browser js-env code - function","    case 'browser':","        break;","","","","    // run node js-env code - function","    case 'node':","        break;","    }","","","","    // run shared js-env code - post-init","    (function () {","        return;","    }());","    switch (local.modeJs) {","","","","    // run browser js-env code - post-init","    case 'browser':","        local.testCase_browser_nullCase = local.testCase_browser_nullCase || function (","            options,","            onError","        ) {","        /*","         * this function will test browsers's null-case handling-behavior-behavior","         */","            onError(null, options);","        };","","        // run tests","        local.nop(local.modeTest &&","            document.querySelector('#testRunButton1') &&","            document.querySelector('#testRunButton1').click());","        break;","","","","    // run node js-env code - post-init","    /* istanbul ignore next */","    case 'node':","        local.testCase_buildApidoc_default = local.testCase_buildApidoc_default || function (","            options,","            onError","        ) {","        /*","         * this function will test buildApidoc's default handling-behavior-behavior","         */","            options = { modulePathList: module.paths };","            local.buildApidoc(options, onError);","        };","","        local.testCase_buildApp_default = local.testCase_buildApp_default || function (","            options,","            onError","        ) {","        /*","         * this function will test buildApp's default handling-behavior-behavior","         */","            local.testCase_buildReadme_default(options, local.onErrorThrow);","            local.testCase_buildLib_default(options, local.onErrorThrow);","            local.testCase_buildTest_default(options, local.onErrorThrow);","            local.testCase_buildCustomOrg_default(options, local.onErrorThrow);","            options = [];","            local.buildApp(options, onError);","        };","","        local.testCase_buildCustomOrg_default = local.testCase_buildCustomOrg_default ||","            function (options, onError) {","            /*","             * this function will test buildCustomOrg's default handling-behavior","             */","                options = {};","                local.buildCustomOrg(options, onError);","            };","","        local.testCase_buildLib_default = local.testCase_buildLib_default || function (","            options,","            onError","        ) {","        /*","         * this function will test buildLib's default handling-behavior","         */","            options = {};","            local.buildLib(options, onError);","        };","","        local.testCase_buildReadme_default = local.testCase_buildReadme_default || function (","            options,","            onError","        ) {","        /*","         * this function will test buildReadme's default handling-behavior-behavior","         */","            options = {};","            local.buildReadme(options, onError);","        };","","        local.testCase_buildTest_default = local.testCase_buildTest_default || function (","            options,","            onError","        ) {","        /*","         * this function will test buildTest's default handling-behavior","         */","            options = {};","            local.buildTest(options, onError);","        };","","        local.testCase_webpage_default = local.testCase_webpage_default || function (","            options,","            onError","        ) {","        /*","         * this function will test webpage's default handling-behavior","         */","            options = { modeCoverageMerge: true, url: local.serverLocalHost + '?modeTest=1' };","            local.browserTest(options, onError);","        };","","        // run test-server","        local.testRunServer(local);","        break;","    }","}());",""],"l":{"12":2,"14":2,"19":2,"21":2,"23":2,"24":2,"25":2,"30":1,"37":2,"40":2,"43":1,"47":1,"50":1,"52":1,"55":2,"61":2,"62":2,"64":2,"70":1,"76":1,"82":2,"83":2,"85":2,"91":1,"98":1,"102":1,"105":1,"112":1,"119":1,"120":1,"123":1,"130":1,"131":1,"132":1,"133":1,"134":1,"135":1,"138":1,"143":2,"144":2,"147":1,"154":2,"155":2,"158":1,"165":2,"166":2,"169":1,"176":2,"177":2,"180":1,"187":1,"188":1,"192":1,"193":1}},"/home/travis/build/npmtest/node-npmtest-react-draggable/lib.npmtest_react_draggable.js":{"path":"/home/travis/build/npmtest/node-npmtest-react-draggable/lib.npmtest_react_draggable.js","s":{"1":2,"2":2,"3":2,"4":2,"5":2,"6":2,"7":2,"8":1,"9":2,"10":2,"11":2,"12":2,"13":1,"14":1,"15":1,"16":1},"b":{"1":[2,1,1,1],"2":[1,1,1,1],"3":[1,1],"4":[2,2],"5":[1,1]},"f":{"1":2,"2":2,"3":2},"fnMap":{"1":{"name":"(anonymous_1)","line":12,"loc":{"start":{"line":12,"column":1},"end":{"line":12,"column":13}}},"2":{"name":"(anonymous_2)","line":19,"loc":{"start":{"line":19,"column":5},"end":{"line":19,"column":17}}},"3":{"name":"(anonymous_3)","line":23,"loc":{"start":{"line":23,"column":24},"end":{"line":23,"column":36}}}},"statementMap":{"1":{"start":{"line":12,"column":0},"end":{"line":53,"column":5}},"2":{"start":{"line":14,"column":4},"end":{"line":14,"column":14}},"3":{"start":{"line":19,"column":4},"end":{"line":52,"column":9}},"4":{"start":{"line":21,"column":8},"end":{"line":21,"column":19}},"5":{"start":{"line":23,"column":8},"end":{"line":35,"column":13}},"6":{"start":{"line":24,"column":12},"end":{"line":34,"column":13}},"7":{"start":{"line":25,"column":16},"end":{"line":28,"column":30}},"8":{"start":{"line":30,"column":16},"end":{"line":33,"column":27}},"9":{"start":{"line":37,"column":8},"end":{"line":39,"column":21}},"10":{"start":{"line":41,"column":8},"end":{"line":41,"column":54}},"11":{"start":{"line":43,"column":8},"end":{"line":43,"column":60}},"12":{"start":{"line":45,"column":8},"end":{"line":51,"column":9}},"13":{"start":{"line":46,"column":12},"end":{"line":46,"column":66}},"14":{"start":{"line":48,"column":12},"end":{"line":48,"column":35}},"15":{"start":{"line":49,"column":12},"end":{"line":49,"column":49}},"16":{"start":{"line":50,"column":12},"end":{"line":50,"column":43}}},"branchMap":{"1":{"line":25,"type":"binary-expr","locations":[{"start":{"line":25,"column":23},"end":{"line":25,"column":62}},{"start":{"line":26,"column":20},"end":{"line":26,"column":70}},{"start":{"line":27,"column":20},"end":{"line":27,"column":71}},{"start":{"line":28,"column":20},"end":{"line":28,"column":29}}]},"2":{"line":30,"type":"binary-expr","locations":[{"start":{"line":30,"column":23},"end":{"line":30,"column":37}},{"start":{"line":31,"column":20},"end":{"line":31,"column":61}},{"start":{"line":32,"column":20},"end":{"line":32,"column":70}},{"start":{"line":33,"column":20},"end":{"line":33,"column":26}}]},"3":{"line":37,"type":"cond-expr","locations":[{"start":{"line":38,"column":14},"end":{"line":38,"column":20}},{"start":{"line":39,"column":14},"end":{"line":39,"column":20}}]},"4":{"line":41,"type":"binary-expr","locations":[{"start":{"line":41,"column":16},"end":{"line":41,"column":44}},{"start":{"line":41,"column":48},"end":{"line":41,"column":53}}]},"5":{"line":45,"type":"if","locations":[{"start":{"line":45,"column":8},"end":{"line":45,"column":8}},{"start":{"line":45,"column":8},"end":{"line":45,"column":8}}]}},"code":["/* istanbul instrument in package npmtest_react_draggable */","/*jslint","    bitwise: true,","    browser: true,","    maxerr: 8,","    maxlen: 96,","    node: true,","    nomen: true,","    regexp: true,","    stupid: true","*/","(function () {","    'use strict';","    var local;","","","","    // run shared js-env code - pre-init","    (function () {","        // init local","        local = {};","        // init modeJs","        local.modeJs = (function () {","            try {","                return typeof navigator.userAgent === 'string' &&","                    typeof document.querySelector('body') === 'object' &&","                    typeof XMLHttpRequest.prototype.open === 'function' &&","                    'browser';","            } catch (errorCaughtBrowser) {","                return module.exports &&","                    typeof process.versions.node === 'string' &&","                    typeof require('http').createServer === 'function' &&","                    'node';","            }","        }());","        // init global","        local.global = local.modeJs === 'browser'","            ? window","            : global;","        // init utility2_rollup","        local = local.global.utility2_rollup || local;","        // init lib","        local.local = local.npmtest_react_draggable = local;","        // init exports","        if (local.modeJs === 'browser') {","            local.global.utility2_npmtest_react_draggable = local;","        } else {","            module.exports = local;","            module.exports.__dirname = __dirname;","            module.exports.module = module;","        }","    }());","}());",""],"l":{"12":2,"14":2,"19":2,"21":2,"23":2,"24":2,"25":2,"30":1,"37":2,"41":2,"43":2,"45":2,"46":1,"48":1,"49":1,"50":1}},"/home/travis/build/npmtest/node-npmtest-react-draggable/example.js":{"path":"/home/travis/build/npmtest/node-npmtest-react-draggable/example.js","s":{"1":2,"2":2,"3":2,"4":2,"5":2,"6":2,"7":2,"8":1,"9":2,"10":2,"11":2,"12":2,"13":1,"14":2,"15":2,"16":2,"17":2,"18":2,"19":0,"20":2,"21":1,"22":1,"23":1,"24":1,"25":1,"26":0,"27":0,"28":1,"29":1,"30":2,"31":0,"32":0,"33":0,"34":1,"35":2,"36":2,"37":3,"38":3,"39":3,"40":3,"41":0,"42":3,"43":3,"44":3,"45":1,"46":3,"47":1,"48":1,"49":1,"50":1,"51":1,"52":1,"53":1,"54":1,"55":1,"56":1,"57":0,"58":1,"59":6,"60":6,"61":1,"62":2,"63":0,"64":2,"65":1,"66":1,"67":0,"68":0,"69":0,"70":0,"71":0,"72":0,"73":0,"74":0,"75":0,"76":0,"77":0,"78":0,"79":0,"80":0,"81":0,"82":0,"83":0},"b":{"1":[2,1,1,1],"2":[1,1,1,1],"3":[1,1],"4":[2,2],"5":[1,1],"6":[1,1],"7":[2,0],"8":[2,1,1,1,1,1],"9":[0,2,0],"10":[1,1],"11":[2,1,1],"12":[1,0],"13":[0,2],"14":[2,0,0,0,0,0,0],"15":[0,3],"16":[3,0],"17":[1,1],"18":[0,1],"19":[1,2,0,2],"20":[1,0],"21":[1,1],"22":[0,0],"23":[0,0],"24":[0,0],"25":[0,0],"26":[0,0],"27":[0,0],"28":[0,0]},"f":{"1":2,"2":2,"3":2,"4":2,"5":2,"6":2,"7":3,"8":3,"9":3,"10":1,"11":6,"12":0},"fnMap":{"1":{"name":"(anonymous_1)","line":26,"loc":{"start":{"line":26,"column":1},"end":{"line":26,"column":13}}},"2":{"name":"(anonymous_2)","line":33,"loc":{"start":{"line":33,"column":5},"end":{"line":33,"column":17}}},"3":{"name":"(anonymous_3)","line":37,"loc":{"start":{"line":37,"column":24},"end":{"line":37,"column":36}}},"4":{"name":"(anonymous_4)","line":69,"loc":{"start":{"line":69,"column":31},"end":{"line":69,"column":48}},"skip":true},"5":{"name":"(anonymous_5)","line":78,"loc":{"start":{"line":78,"column":26},"end":{"line":78,"column":45}},"skip":true},"6":{"name":"(anonymous_6)","line":123,"loc":{"start":{"line":123,"column":33},"end":{"line":123,"column":48}},"skip":true},"7":{"name":"(anonymous_7)","line":125,"loc":{"start":{"line":125,"column":27},"end":{"line":125,"column":39}},"skip":true},"8":{"name":"(anonymous_8)","line":133,"loc":{"start":{"line":133,"column":59},"end":{"line":133,"column":74}},"skip":true},"9":{"name":"(anonymous_9)","line":143,"loc":{"start":{"line":143,"column":45},"end":{"line":143,"column":62}},"skip":true},"10":{"name":"(anonymous_10)","line":144,"loc":{"start":{"line":144,"column":73},"end":{"line":144,"column":92}},"skip":true},"11":{"name":"(anonymous_11)","line":272,"loc":{"start":{"line":272,"column":51},"end":{"line":272,"column":77}},"skip":true},"12":{"name":"(anonymous_12)","line":315,"loc":{"start":{"line":315,"column":32},"end":{"line":315,"column":61}},"skip":true}},"statementMap":{"1":{"start":{"line":26,"column":0},"end":{"line":326,"column":5}},"2":{"start":{"line":28,"column":4},"end":{"line":28,"column":14}},"3":{"start":{"line":33,"column":4},"end":{"line":60,"column":9}},"4":{"start":{"line":35,"column":8},"end":{"line":35,"column":19}},"5":{"start":{"line":37,"column":8},"end":{"line":49,"column":13}},"6":{"start":{"line":38,"column":12},"end":{"line":48,"column":13}},"7":{"start":{"line":39,"column":16},"end":{"line":42,"column":30}},"8":{"start":{"line":44,"column":16},"end":{"line":47,"column":27}},"9":{"start":{"line":51,"column":8},"end":{"line":53,"column":21}},"10":{"start":{"line":55,"column":8},"end":{"line":57,"column":45}},"11":{"start":{"line":59,"column":8},"end":{"line":59,"column":35}},"12":{"start":{"line":61,"column":4},"end":{"line":325,"column":5}},"13":{"start":{"line":69,"column":8},"end":{"line":121,"column":10},"skip":true},"14":{"start":{"line":70,"column":12},"end":{"line":88,"column":13},"skip":true},"15":{"start":{"line":76,"column":16},"end":{"line":87,"column":19},"skip":true},"16":{"start":{"line":79,"column":20},"end":{"line":86,"column":21},"skip":true},"17":{"start":{"line":82,"column":24},"end":{"line":82,"column":43},"skip":true},"18":{"start":{"line":83,"column":24},"end":{"line":83,"column":30},"skip":true},"19":{"start":{"line":85,"column":24},"end":{"line":85,"column":49},"skip":true},"20":{"start":{"line":89,"column":12},"end":{"line":107,"column":13},"skip":true},"21":{"start":{"line":92,"column":16},"end":{"line":102,"column":17},"skip":true},"22":{"start":{"line":93,"column":20},"end":{"line":93,"column":86},"skip":true},"23":{"start":{"line":94,"column":20},"end":{"line":95,"column":45},"skip":true},"24":{"start":{"line":96,"column":20},"end":{"line":96,"column":42},"skip":true},"25":{"start":{"line":97,"column":20},"end":{"line":97,"column":48},"skip":true},"26":{"start":{"line":100,"column":20},"end":{"line":100,"column":85},"skip":true},"27":{"start":{"line":101,"column":20},"end":{"line":101,"column":96},"skip":true},"28":{"start":{"line":103,"column":16},"end":{"line":103,"column":22},"skip":true},"29":{"start":{"line":106,"column":16},"end":{"line":106,"column":22},"skip":true},"30":{"start":{"line":108,"column":12},"end":{"line":120,"column":13},"skip":true},"31":{"start":{"line":114,"column":16},"end":{"line":119,"column":17},"skip":true},"32":{"start":{"line":116,"column":20},"end":{"line":116,"column":78},"skip":true},"33":{"start":{"line":118,"column":20},"end":{"line":118,"column":47},"skip":true},"34":{"start":{"line":123,"column":8},"end":{"line":141,"column":11},"skip":true},"35":{"start":{"line":124,"column":12},"end":{"line":124,"column":54},"skip":true},"36":{"start":{"line":125,"column":12},"end":{"line":140,"column":14},"skip":true},"37":{"start":{"line":126,"column":16},"end":{"line":126,"column":28},"skip":true},"38":{"start":{"line":127,"column":16},"end":{"line":127,"column":69},"skip":true},"39":{"start":{"line":128,"column":16},"end":{"line":128,"column":75},"skip":true},"40":{"start":{"line":129,"column":16},"end":{"line":131,"column":17},"skip":true},"41":{"start":{"line":130,"column":20},"end":{"line":130,"column":27},"skip":true},"42":{"start":{"line":133,"column":16},"end":{"line":137,"column":36},"skip":true},"43":{"start":{"line":134,"column":20},"end":{"line":136,"column":55},"skip":true},"44":{"start":{"line":139,"column":16},"end":{"line":139,"column":57},"skip":true},"45":{"start":{"line":143,"column":8},"end":{"line":147,"column":11},"skip":true},"46":{"start":{"line":144,"column":12},"end":{"line":146,"column":15},"skip":true},"47":{"start":{"line":145,"column":16},"end":{"line":145,"column":70},"skip":true},"48":{"start":{"line":149,"column":8},"end":{"line":149,"column":31},"skip":true},"49":{"start":{"line":150,"column":8},"end":{"line":150,"column":14},"skip":true},"50":{"start":{"line":158,"column":8},"end":{"line":158,"column":31},"skip":true},"51":{"start":{"line":160,"column":8},"end":{"line":160,"column":33},"skip":true},"52":{"start":{"line":161,"column":8},"end":{"line":161,"column":37},"skip":true},"53":{"start":{"line":162,"column":8},"end":{"line":162,"column":35},"skip":true},"54":{"start":{"line":164,"column":8},"end":{"line":164,"column":50},"skip":true},"55":{"start":{"line":166,"column":8},"end":{"line":256,"column":2},"skip":true},"56":{"start":{"line":258,"column":8},"end":{"line":286,"column":9},"skip":true},"57":{"start":{"line":259,"column":12},"end":{"line":269,"column":14},"skip":true},"58":{"start":{"line":271,"column":12},"end":{"line":285,"column":19},"skip":true},"59":{"start":{"line":274,"column":20},"end":{"line":274,"column":35},"skip":true},"60":{"start":{"line":275,"column":20},"end":{"line":284,"column":21},"skip":true},"61":{"start":{"line":277,"column":24},"end":{"line":277,"column":64},"skip":true},"62":{"start":{"line":279,"column":24},"end":{"line":279,"column":40},"skip":true},"63":{"start":{"line":281,"column":24},"end":{"line":281,"column":40},"skip":true},"64":{"start":{"line":283,"column":24},"end":{"line":283,"column":39},"skip":true},"65":{"start":{"line":288,"column":8},"end":{"line":290,"column":9},"skip":true},"66":{"start":{"line":289,"column":12},"end":{"line":289,"column":18},"skip":true},"67":{"start":{"line":291,"column":8},"end":{"line":293,"column":54},"skip":true},"68":{"start":{"line":296,"column":8},"end":{"line":301,"column":37},"skip":true},"69":{"start":{"line":303,"column":8},"end":{"line":303,"column":82},"skip":true},"70":{"start":{"line":306,"column":8},"end":{"line":308,"column":9},"skip":true},"71":{"start":{"line":307,"column":12},"end":{"line":307,"column":82},"skip":true},"72":{"start":{"line":310,"column":8},"end":{"line":312,"column":9},"skip":true},"73":{"start":{"line":311,"column":12},"end":{"line":311,"column":18},"skip":true},"74":{"start":{"line":313,"column":8},"end":{"line":313,"column":54},"skip":true},"75":{"start":{"line":314,"column":8},"end":{"line":314,"column":69},"skip":true},"76":{"start":{"line":315,"column":8},"end":{"line":323,"column":36},"skip":true},"77":{"start":{"line":316,"column":12},"end":{"line":316,"column":61},"skip":true},"78":{"start":{"line":317,"column":12},"end":{"line":320,"column":13},"skip":true},"79":{"start":{"line":318,"column":16},"end":{"line":318,"column":75},"skip":true},"80":{"start":{"line":319,"column":16},"end":{"line":319,"column":23},"skip":true},"81":{"start":{"line":321,"column":12},"end":{"line":321,"column":38},"skip":true},"82":{"start":{"line":322,"column":12},"end":{"line":322,"column":27},"skip":true},"83":{"start":{"line":324,"column":8},"end":{"line":324,"column":14},"skip":true}},"branchMap":{"1":{"line":39,"type":"binary-expr","locations":[{"start":{"line":39,"column":23},"end":{"line":39,"column":62}},{"start":{"line":40,"column":20},"end":{"line":40,"column":70}},{"start":{"line":41,"column":20},"end":{"line":41,"column":71}},{"start":{"line":42,"column":20},"end":{"line":42,"column":29}}]},"2":{"line":44,"type":"binary-expr","locations":[{"start":{"line":44,"column":23},"end":{"line":44,"column":37}},{"start":{"line":45,"column":20},"end":{"line":45,"column":61}},{"start":{"line":46,"column":20},"end":{"line":46,"column":70}},{"start":{"line":47,"column":20},"end":{"line":47,"column":26}}]},"3":{"line":51,"type":"cond-expr","locations":[{"start":{"line":52,"column":14},"end":{"line":52,"column":20}},{"start":{"line":53,"column":14},"end":{"line":53,"column":20}}]},"4":{"line":55,"type":"binary-expr","locations":[{"start":{"line":55,"column":16},"end":{"line":55,"column":44}},{"start":{"line":55,"column":49},"end":{"line":57,"column":43}}]},"5":{"line":55,"type":"cond-expr","locations":[{"start":{"line":56,"column":14},"end":{"line":56,"column":59}},{"start":{"line":57,"column":14},"end":{"line":57,"column":43}}]},"6":{"line":61,"type":"switch","locations":[{"start":{"line":68,"column":4},"end":{"line":150,"column":14},"skip":true},{"start":{"line":156,"column":4},"end":{"line":324,"column":14},"skip":true}]},"7":{"line":70,"type":"if","locations":[{"start":{"line":70,"column":12},"end":{"line":70,"column":12},"skip":true},{"start":{"line":70,"column":12},"end":{"line":70,"column":12},"skip":true}]},"8":{"line":70,"type":"binary-expr","locations":[{"start":{"line":70,"column":16},"end":{"line":70,"column":22},"skip":true},{"start":{"line":70,"column":27},"end":{"line":70,"column":32},"skip":true},{"start":{"line":71,"column":20},"end":{"line":71,"column":39},"skip":true},{"start":{"line":72,"column":20},"end":{"line":72,"column":49},"skip":true},{"start":{"line":73,"column":20},"end":{"line":73,"column":58},"skip":true},{"start":{"line":74,"column":20},"end":{"line":74,"column":69},"skip":true}]},"9":{"line":79,"type":"switch","locations":[{"start":{"line":80,"column":20},"end":{"line":80,"column":33},"skip":true},{"start":{"line":81,"column":20},"end":{"line":83,"column":30},"skip":true},{"start":{"line":84,"column":20},"end":{"line":85,"column":49},"skip":true}]},"10":{"line":89,"type":"switch","locations":[{"start":{"line":90,"column":12},"end":{"line":103,"column":22},"skip":true},{"start":{"line":105,"column":12},"end":{"line":106,"column":22},"skip":true}]},"11":{"line":89,"type":"binary-expr","locations":[{"start":{"line":89,"column":20},"end":{"line":89,"column":25},"skip":true},{"start":{"line":89,"column":29},"end":{"line":89,"column":48},"skip":true},{"start":{"line":89,"column":52},"end":{"line":89,"column":74},"skip":true}]},"12":{"line":92,"type":"if","locations":[{"start":{"line":92,"column":16},"end":{"line":92,"column":16},"skip":true},{"start":{"line":92,"column":16},"end":{"line":92,"column":16},"skip":true}]},"13":{"line":108,"type":"if","locations":[{"start":{"line":108,"column":12},"end":{"line":108,"column":12},"skip":true},{"start":{"line":108,"column":12},"end":{"line":108,"column":12},"skip":true}]},"14":{"line":108,"type":"binary-expr","locations":[{"start":{"line":108,"column":16},"end":{"line":108,"column":61},"skip":true},{"start":{"line":108,"column":66},"end":{"line":108,"column":72},"skip":true},{"start":{"line":108,"column":77},"end":{"line":108,"column":82},"skip":true},{"start":{"line":109,"column":20},"end":{"line":109,"column":39},"skip":true},{"start":{"line":110,"column":20},"end":{"line":110,"column":49},"skip":true},{"start":{"line":111,"column":20},"end":{"line":111,"column":58},"skip":true},{"start":{"line":112,"column":20},"end":{"line":112,"column":68},"skip":true}]},"15":{"line":129,"type":"if","locations":[{"start":{"line":129,"column":16},"end":{"line":129,"column":16},"skip":true},{"start":{"line":129,"column":16},"end":{"line":129,"column":16},"skip":true}]},"16":{"line":134,"type":"cond-expr","locations":[{"start":{"line":135,"column":26},"end":{"line":135,"column":29},"skip":true},{"start":{"line":136,"column":26},"end":{"line":136,"column":54},"skip":true}]},"17":{"line":164,"type":"binary-expr","locations":[{"start":{"line":164,"column":27},"end":{"line":164,"column":43},"skip":true},{"start":{"line":164,"column":47},"end":{"line":164,"column":49},"skip":true}]},"18":{"line":258,"type":"if","locations":[{"start":{"line":258,"column":8},"end":{"line":258,"column":8},"skip":true},{"start":{"line":258,"column":8},"end":{"line":258,"column":8},"skip":true}]},"19":{"line":275,"type":"switch","locations":[{"start":{"line":276,"column":20},"end":{"line":277,"column":64},"skip":true},{"start":{"line":278,"column":20},"end":{"line":279,"column":40},"skip":true},{"start":{"line":280,"column":20},"end":{"line":281,"column":40},"skip":true},{"start":{"line":282,"column":20},"end":{"line":283,"column":39},"skip":true}]},"20":{"line":288,"type":"if","locations":[{"start":{"line":288,"column":8},"end":{"line":288,"column":8},"skip":true},{"start":{"line":288,"column":8},"end":{"line":288,"column":8},"skip":true}]},"21":{"line":288,"type":"binary-expr","locations":[{"start":{"line":288,"column":12},"end":{"line":288,"column":40},"skip":true},{"start":{"line":288,"column":44},"end":{"line":288,"column":67},"skip":true}]},"22":{"line":292,"type":"binary-expr","locations":[{"start":{"line":292,"column":12},"end":{"line":292,"column":50},"skip":true},{"start":{"line":293,"column":12},"end":{"line":293,"column":53},"skip":true}]},"23":{"line":297,"type":"binary-expr","locations":[{"start":{"line":297,"column":12},"end":{"line":297,"column":73},"skip":true},{"start":{"line":298,"column":12},"end":{"line":301,"column":36},"skip":true}]},"24":{"line":303,"type":"binary-expr","locations":[{"start":{"line":303,"column":43},"end":{"line":303,"column":75},"skip":true},{"start":{"line":303,"column":79},"end":{"line":303,"column":81},"skip":true}]},"25":{"line":306,"type":"if","locations":[{"start":{"line":306,"column":8},"end":{"line":306,"column":8},"skip":true},{"start":{"line":306,"column":8},"end":{"line":306,"column":8},"skip":true}]},"26":{"line":310,"type":"if","locations":[{"start":{"line":310,"column":8},"end":{"line":310,"column":8},"skip":true},{"start":{"line":310,"column":8},"end":{"line":310,"column":8},"skip":true}]},"27":{"line":313,"type":"binary-expr","locations":[{"start":{"line":313,"column":27},"end":{"line":313,"column":43},"skip":true},{"start":{"line":313,"column":47},"end":{"line":313,"column":53},"skip":true}]},"28":{"line":317,"type":"if","locations":[{"start":{"line":317,"column":12},"end":{"line":317,"column":12},"skip":true},{"start":{"line":317,"column":12},"end":{"line":317,"column":12},"skip":true}]}},"code":["/*","example.js","","quickstart example","","instruction","    1. save this script as example.js","    2. run the shell command:","        $ npm install npmtest-react-draggable && PORT=8081 node example.js","    3. play with the browser-demo on http://127.0.0.1:8081","*/","","","","/* istanbul instrument in package npmtest_react_draggable */","/*jslint","    bitwise: true,","    browser: true,","    maxerr: 8,","    maxlen: 96,","    node: true,","    nomen: true,","    regexp: true,","    stupid: true","*/","(function () {","    'use strict';","    var local;","","","","    // run shared js-env code - pre-init","    (function () {","        // init local","        local = {};","        // init modeJs","        local.modeJs = (function () {","            try {","                return typeof navigator.userAgent === 'string' &&","                    typeof document.querySelector('body') === 'object' &&","                    typeof XMLHttpRequest.prototype.open === 'function' &&","                    'browser';","            } catch (errorCaughtBrowser) {","                return module.exports &&","                    typeof process.versions.node === 'string' &&","                    typeof require('http').createServer === 'function' &&","                    'node';","            }","        }());","        // init global","        local.global = local.modeJs === 'browser'","            ? window","            : global;","        // init utility2_rollup","        local = local.global.utility2_rollup || (local.modeJs === 'browser'","            ? local.global.utility2_npmtest_react_draggable","            : global.utility2_moduleExports);","        // export local","        local.global.local = local;","    }());","    switch (local.modeJs) {","","","","    // post-init","    // run browser js-env code - post-init","    /* istanbul ignore next */","    case 'browser':","        local.testRunBrowser = function (event) {","            if (!event || (event &&","                    event.currentTarget &&","                    event.currentTarget.className &&","                    event.currentTarget.className.includes &&","                    event.currentTarget.className.includes('onreset'))) {","                // reset output","                Array.from(","                    document.querySelectorAll('body > .resettable')","                ).forEach(function (element) {","                    switch (element.tagName) {","                    case 'INPUT':","                    case 'TEXTAREA':","                        element.value = '';","                        break;","                    default:","                        element.textContent = '';","                    }","                });","            }","            switch (event && event.currentTarget && event.currentTarget.id) {","            case 'testRunButton1':","                // show tests","                if (document.querySelector('#testReportDiv1').style.display === 'none') {","                    document.querySelector('#testReportDiv1').style.display = 'block';","                    document.querySelector('#testRunButton1').textContent =","                        'hide internal test';","                    local.modeTest = true;","                    local.testRunDefault(local);","                // hide tests","                } else {","                    document.querySelector('#testReportDiv1').style.display = 'none';","                    document.querySelector('#testRunButton1').textContent = 'run internal test';","                }","                break;","            // custom-case","            default:","                break;","            }","            if (document.querySelector('#inputTextareaEval1') && (!event || (event &&","                    event.currentTarget &&","                    event.currentTarget.className &&","                    event.currentTarget.className.includes &&","                    event.currentTarget.className.includes('oneval')))) {","                // try to eval input-code","                try {","                    /*jslint evil: true*/","                    eval(document.querySelector('#inputTextareaEval1').value);","                } catch (errorCaught) {","                    console.error(errorCaught);","                }","            }","        };","        // log stderr and stdout to #outputTextareaStdout1","        ['error', 'log'].forEach(function (key) {","            console[key + '_original'] = console[key];","            console[key] = function () {","                var element;","                console[key + '_original'].apply(console, arguments);","                element = document.querySelector('#outputTextareaStdout1');","                if (!element) {","                    return;","                }","                // append text to #outputTextareaStdout1","                element.value += Array.from(arguments).map(function (arg) {","                    return typeof arg === 'string'","                        ? arg","                        : JSON.stringify(arg, null, 4);","                }).join(' ') + '\\n';","                // scroll textarea to bottom","                element.scrollTop = element.scrollHeight;","            };","        });","        // init event-handling","        ['change', 'click', 'keyup'].forEach(function (event) {","            Array.from(document.querySelectorAll('.on' + event)).forEach(function (element) {","                element.addEventListener(event, local.testRunBrowser);","            });","        });","        // run tests","        local.testRunBrowser();","        break;","","","","    // run node js-env code - post-init","    /* istanbul ignore next */","    case 'node':","        // export local","        module.exports = local;","        // require modules","        local.fs = require('fs');","        local.http = require('http');","        local.url = require('url');","        // init assets","        local.assetsDict = local.assetsDict || {};","        /* jslint-ignore-begin */","        local.assetsDict['/assets.index.template.html'] = '\\","<!doctype html>\\n\\","<html lang=\"en\">\\n\\","<head>\\n\\","<meta charset=\"UTF-8\">\\n\\","<meta name=\"viewport\" content=\"width=device-width, initial-scale=1\">\\n\\","<title>{{env.npm_package_name}} (v{{env.npm_package_version}})</title>\\n\\","<style>\\n\\","/*csslint\\n\\","    box-sizing: false,\\n\\","    universal-selector: false\\n\\","*/\\n\\","* {\\n\\","    box-sizing: border-box;\\n\\","}\\n\\","body {\\n\\","    background: #dde;\\n\\","    font-family: Arial, Helvetica, sans-serif;\\n\\","    margin: 2rem;\\n\\","}\\n\\","body > * {\\n\\","    margin-bottom: 1rem;\\n\\","}\\n\\",".utility2FooterDiv {\\n\\","    margin-top: 20px;\\n\\","    text-align: center;\\n\\","}\\n\\","</style>\\n\\","<style>\\n\\","/*csslint\\n\\","*/\\n\\","textarea {\\n\\","    font-family: monospace;\\n\\","    height: 10rem;\\n\\","    width: 100%;\\n\\","}\\n\\","textarea[readonly] {\\n\\","    background: #ddd;\\n\\","}\\n\\","</style>\\n\\","</head>\\n\\","<body>\\n\\","<!-- utility2-comment\\n\\","<div id=\"ajaxProgressDiv1\" style=\"background: #d00; height: 2px; left: 0; margin: 0; padding: 0; position: fixed; top: 0; transition: background 0.5s, width 1.5s; width: 25%;\"></div>\\n\\","utility2-comment -->\\n\\","<h1>\\n\\","<!-- utility2-comment\\n\\","    <a\\n\\","        {{#if env.npm_package_homepage}}\\n\\","        href=\"{{env.npm_package_homepage}}\"\\n\\","        {{/if env.npm_package_homepage}}\\n\\","        target=\"_blank\"\\n\\","    >\\n\\","utility2-comment -->\\n\\","        {{env.npm_package_name}} (v{{env.npm_package_version}})\\n\\","<!-- utility2-comment\\n\\","    </a>\\n\\","utility2-comment -->\\n\\","</h1>\\n\\","<h3>{{env.npm_package_description}}</h3>\\n\\","<!-- utility2-comment\\n\\","<h4><a download href=\"assets.app.js\">download standalone app</a></h4>\\n\\","<button class=\"onclick onreset\" id=\"testRunButton1\">run internal test</button><br>\\n\\","<div id=\"testReportDiv1\" style=\"display: none;\"></div>\\n\\","utility2-comment -->\\n\\","\\n\\","\\n\\","\\n\\","<label>stderr and stdout</label>\\n\\","<textarea class=\"resettable\" id=\"outputTextareaStdout1\" readonly></textarea>\\n\\","<!-- utility2-comment\\n\\","{{#if isRollup}}\\n\\","<script src=\"assets.app.js\"></script>\\n\\","{{#unless isRollup}}\\n\\","utility2-comment -->\\n\\","<script src=\"assets.utility2.rollup.js\"></script>\\n\\","<script src=\"jsonp.utility2._stateInit?callback=window.utility2._stateInit\"></script>\\n\\","<script src=\"assets.npmtest_react_draggable.rollup.js\"></script>\\n\\","<script src=\"assets.example.js\"></script>\\n\\","<script src=\"assets.test.js\"></script>\\n\\","<!-- utility2-comment\\n\\","{{/if isRollup}}\\n\\","utility2-comment -->\\n\\","<div class=\"utility2FooterDiv\">\\n\\","    [ this app was created with\\n\\","    <a href=\"https://github.com/kaizhu256/node-utility2\" target=\"_blank\">utility2</a>\\n\\","    ]\\n\\","</div>\\n\\","</body>\\n\\","</html>\\n\\","';","        /* jslint-ignore-end */","        if (local.templateRender) {","            local.assetsDict['/'] = local.templateRender(","                local.assetsDict['/assets.index.template.html'],","                {","                    env: local.objectSetDefault(local.env, {","                        npm_package_description: 'the greatest app in the world!',","                        npm_package_name: 'my-app',","                        npm_package_nameAlias: 'my_app',","                        npm_package_version: '0.0.1'","                    })","                }","            );","        } else {","            local.assetsDict['/'] = local.assetsDict['/assets.index.template.html']","                .replace((/\\{\\{env\\.(\\w+?)\\}\\}/g), function (match0, match1) {","                    // jslint-hack","                    String(match0);","                    switch (match1) {","                    case 'npm_package_description':","                        return 'the greatest app in the world!';","                    case 'npm_package_name':","                        return 'my-app';","                    case 'npm_package_nameAlias':","                        return 'my_app';","                    case 'npm_package_version':","                        return '0.0.1';","                    }","                });","        }","        // run the cli","        if (local.global.utility2_rollup || module !== require.main) {","            break;","        }","        local.assetsDict['/assets.example.js'] =","            local.assetsDict['/assets.example.js'] ||","            local.fs.readFileSync(__filename, 'utf8');","        // bug-workaround - long $npm_package_buildCustomOrg","        /* jslint-ignore-begin */","        local.assetsDict['/assets.npmtest_react_draggable.rollup.js'] =","            local.assetsDict['/assets.npmtest_react_draggable.rollup.js'] ||","            local.fs.readFileSync(","                local.npmtest_react_draggable.__dirname + '/lib.npmtest_react_draggable.js',","                'utf8'","            ).replace((/^#!/), '//');","        /* jslint-ignore-end */","        local.assetsDict['/favicon.ico'] = local.assetsDict['/favicon.ico'] || '';","        // if $npm_config_timeout_exit exists,","        // then exit this process after $npm_config_timeout_exit ms","        if (Number(process.env.npm_config_timeout_exit)) {","            setTimeout(process.exit, Number(process.env.npm_config_timeout_exit));","        }","        // start server","        if (local.global.utility2_serverHttp1) {","            break;","        }","        process.env.PORT = process.env.PORT || '8081';","        console.error('server starting on port ' + process.env.PORT);","        local.http.createServer(function (request, response) {","            request.urlParsed = local.url.parse(request.url);","            if (local.assetsDict[request.urlParsed.pathname] !== undefined) {","                response.end(local.assetsDict[request.urlParsed.pathname]);","                return;","            }","            response.statusCode = 404;","            response.end();","        }).listen(process.env.PORT);","        break;","    }","}());",""],"l":{"26":2,"28":2,"33":2,"35":2,"37":2,"38":2,"39":2,"44":1,"51":2,"55":2,"59":2,"61":2,"69":1,"70":2,"76":2,"79":2,"82":2,"83":2,"85":1,"89":2,"92":1,"93":1,"94":1,"96":1,"97":1,"100":1,"101":1,"103":1,"106":1,"108":2,"114":1,"116":1,"118":1,"123":1,"124":2,"125":2,"126":3,"127":3,"128":3,"129":3,"130":1,"133":3,"134":3,"139":3,"143":1,"144":3,"145":1,"149":1,"150":1,"158":1,"160":1,"161":1,"162":1,"164":1,"166":1,"258":1,"259":1,"271":1,"274":6,"275":6,"277":1,"279":2,"281":1,"283":2,"288":1,"289":1,"291":1,"296":1,"303":1,"306":1,"307":1,"310":1,"311":1,"313":1,"314":1,"315":1,"316":1,"317":1,"318":1,"319":1,"321":1,"322":1,"324":1}},"/home/travis/build/npmtest/node-npmtest-react-draggable/node_modules/react-draggable/dist/react-draggable.js":{"path":"/home/travis/build/npmtest/node-npmtest-react-draggable/node_modules/react-draggable/dist/react-draggable.js","s":{"1":2,"2":2,"3":2,"4":0,"5":0,"6":0,"7":0,"8":0,"9":0,"10":0,"11":1,"12":0,"13":0,"14":0,"15":0,"16":0,"17":0,"18":0,"19":0,"20":0,"21":0,"22":0,"23":0,"24":0,"25":0,"26":0,"27":0,"28":0,"29":0,"30":0,"31":0,"32":0,"33":1,"34":0,"35":0,"36":0,"37":0,"38":0,"39":0,"40":0,"41":0,"42":0,"43":0,"44":0,"45":0,"46":0,"47":0,"48":0,"49":0,"50":0,"51":0,"52":0,"53":0,"54":0,"55":0,"56":0,"57":0,"58":1,"59":0,"60":0,"61":0,"62":0,"63":0,"64":0,"65":0,"66":0,"67":0,"68":0,"69":0,"70":0,"71":0,"72":0,"73":0,"74":0,"75":0,"76":0,"77":0,"78":0,"79":0,"80":0,"81":0,"82":0,"83":0,"84":0,"85":1,"86":0,"87":1,"88":0,"89":0,"90":0,"91":0,"92":1,"93":0,"94":0,"95":1,"96":0,"97":0,"98":0,"99":1,"100":0,"101":0,"102":0,"103":0,"104":0,"105":0,"106":0,"107":1,"108":0,"109":0,"110":0,"111":0,"112":0,"113":0,"114":0,"115":0,"116":0,"117":0,"118":0,"119":0,"120":0,"121":0,"122":0,"123":0,"124":0,"125":0,"126":0,"127":0,"128":0,"129":0,"130":0,"131":0,"132":0,"133":0,"134":0,"135":0,"136":0,"137":0,"138":0,"139":0,"140":0,"141":0,"142":0,"143":0,"144":0,"145":0,"146":0,"147":0,"148":0,"149":0,"150":0,"151":0,"152":0,"153":0,"154":0,"155":0,"156":0,"157":0,"158":0,"159":0,"160":0,"161":0,"162":0,"163":0,"164":0,"165":0,"166":0,"167":0,"168":0,"169":0,"170":0,"171":0,"172":0,"173":0,"174":0,"175":0,"176":0,"177":0,"178":0,"179":0,"180":0,"181":0,"182":0,"183":0,"184":0,"185":0,"186":1,"187":0,"188":0,"189":0,"190":0,"191":0,"192":0,"193":0,"194":0,"195":0,"196":0,"197":0,"198":0,"199":0,"200":0,"201":0,"202":0,"203":0,"204":0,"205":0,"206":0,"207":0,"208":0,"209":0,"210":0,"211":0,"212":0,"213":0,"214":0,"215":0,"216":0,"217":0,"218":0,"219":0,"220":0,"221":0,"222":0,"223":0,"224":0,"225":0,"226":0,"227":0,"228":0,"229":0,"230":0,"231":0,"232":0,"233":0,"234":0,"235":1,"236":0,"237":1,"238":0,"239":0,"240":0,"241":0,"242":0,"243":1,"244":0,"245":0,"246":0,"247":0,"248":1,"249":0,"250":0,"251":0,"252":0,"253":0,"254":0,"255":0,"256":0,"257":1,"258":0,"259":0,"260":0,"261":0,"262":0,"263":0,"264":0,"265":1,"266":0,"267":0,"268":0,"269":0,"270":0,"271":0,"272":0,"273":1,"274":0,"275":0,"276":0,"277":0,"278":0,"279":1,"280":0,"281":0,"282":0,"283":0,"284":0,"285":1,"286":0,"287":0,"288":0,"289":0,"290":0,"291":1,"292":0,"293":0,"294":0,"295":0,"296":0,"297":1,"298":0,"299":0,"300":0,"301":0,"302":0,"303":1,"304":0,"305":0,"306":1,"307":0,"308":0,"309":1,"310":0,"311":0,"312":0,"313":1,"314":0,"315":0,"316":0,"317":0,"318":0,"319":0,"320":0,"321":0,"322":1,"323":0,"324":0,"325":1,"326":0,"327":0,"328":1,"329":0,"330":0,"331":0,"332":0,"333":0,"334":0,"335":0,"336":0,"337":1,"338":0,"339":0,"340":0,"341":1,"342":0,"343":1,"344":0,"345":1,"346":0,"347":1,"348":0,"349":0,"350":0,"351":0,"352":0,"353":0,"354":0,"355":1,"356":0,"357":0,"358":0,"359":0,"360":0,"361":0,"362":0,"363":0,"364":0,"365":0,"366":1,"367":0,"368":1,"369":0,"370":1,"371":0,"372":0,"373":0,"374":0,"375":0,"376":0,"377":0,"378":0,"379":0,"380":0,"381":0,"382":0,"383":0,"384":0,"385":0,"386":0,"387":0,"388":0,"389":0,"390":0,"391":0,"392":0,"393":0,"394":1,"395":0,"396":1,"397":0,"398":0,"399":0,"400":0,"401":0,"402":0,"403":0,"404":0,"405":0,"406":0,"407":0,"408":0,"409":0,"410":0,"411":0,"412":0,"413":0,"414":0,"415":0,"416":0,"417":0,"418":0,"419":0,"420":0,"421":0,"422":0,"423":1,"424":0,"425":0,"426":0,"427":1,"428":0,"429":1,"430":0,"431":1,"432":0,"433":0,"434":0,"435":0,"436":0,"437":0,"438":1,"439":0,"440":0,"441":0,"442":0,"443":0,"444":1,"445":0,"446":1,"447":0,"448":0,"449":0,"450":0,"451":1,"452":0,"453":0,"454":0,"455":0,"456":0,"457":0,"458":0,"459":0,"460":0,"461":0,"462":0,"463":0,"464":0,"465":0,"466":0,"467":0,"468":0,"469":0,"470":0,"471":0,"472":0,"473":0,"474":0,"475":0,"476":1,"477":0,"478":0,"479":0,"480":0,"481":0,"482":0,"483":0,"484":0,"485":0,"486":0,"487":0,"488":0,"489":0,"490":0,"491":0,"492":0,"493":0,"494":0,"495":0,"496":0,"497":0,"498":0,"499":1,"500":0,"501":1,"502":0,"503":0,"504":1,"505":0,"506":0,"507":0,"508":1,"509":0,"510":0,"511":0,"512":0,"513":0,"514":0,"515":0,"516":0,"517":0,"518":1,"519":0,"520":0,"521":0,"522":0,"523":0,"524":0,"525":0,"526":0,"527":0,"528":0,"529":0,"530":0,"531":0,"532":0,"533":0,"534":0,"535":0,"536":0,"537":0,"538":0,"539":0,"540":0,"541":0,"542":0,"543":0,"544":0,"545":0,"546":0,"547":0,"548":0,"549":0,"550":0,"551":0,"552":0,"553":0,"554":0,"555":0,"556":0,"557":0,"558":0,"559":0,"560":0,"561":0,"562":0,"563":0,"564":0,"565":0,"566":0,"567":0,"568":0,"569":0,"570":0,"571":0,"572":0,"573":0,"574":0,"575":0,"576":0,"577":0,"578":0,"579":0,"580":0,"581":0,"582":0,"583":0,"584":0,"585":0,"586":0,"587":0,"588":0,"589":0,"590":0,"591":0,"592":0,"593":0,"594":0,"595":0,"596":0,"597":0,"598":0,"599":0,"600":0,"601":0,"602":0,"603":0,"604":0,"605":0,"606":0,"607":0,"608":0,"609":0,"610":0,"611":0,"612":0,"613":0,"614":0,"615":0,"616":0,"617":0,"618":0,"619":0,"620":1,"621":0,"622":1,"623":0,"624":0,"625":0,"626":0,"627":0,"628":0,"629":0,"630":0,"631":0,"632":0,"633":0,"634":0,"635":1,"636":0,"637":0,"638":0,"639":0,"640":0,"641":0,"642":0,"643":0,"644":0,"645":0,"646":1,"647":0,"648":0,"649":0,"650":0,"651":0,"652":0,"653":0,"654":0,"655":0,"656":0,"657":0,"658":0,"659":0,"660":0,"661":1,"662":0,"663":0,"664":0,"665":0,"666":0,"667":0,"668":0,"669":0,"670":1,"671":0,"672":0,"673":0,"674":0,"675":0,"676":0,"677":0,"678":0,"679":0,"680":0,"681":0,"682":0,"683":0,"684":0,"685":0,"686":0,"687":0,"688":0,"689":0,"690":0,"691":0,"692":0,"693":0,"694":0,"695":1,"696":0,"697":0,"698":0,"699":0,"700":0,"701":0,"702":0,"703":0,"704":0,"705":0,"706":1,"707":0,"708":0,"709":0,"710":0,"711":0,"712":0,"713":0,"714":0,"715":0,"716":0,"717":0,"718":0,"719":0,"720":0,"721":0,"722":0,"723":0,"724":1,"725":0,"726":0,"727":0},"b":{"1":[2,0],"2":[2,2],"3":[0,0],"4":[0,0],"5":[0,0],"6":[0,0],"7":[0,0],"8":[0,0],"9":[0,0],"10":[0,0],"11":[0,0],"12":[0,0],"13":[0,0],"14":[0,0],"15":[0,0],"16":[0,0],"17":[0,0],"18":[0,0],"19":[0,0],"20":[0,0],"21":[0,0],"22":[0,0],"23":[0,0],"24":[0,0],"25":[0,0],"26":[0,0,0],"27":[0,0],"28":[0,0],"29":[0,0],"30":[0,0],"31":[0,0],"32":[0,0],"33":[0,0],"34":[0,0],"35":[0,0],"36":[0,0],"37":[0,0],"38":[0,0],"39":[0,0],"40":[0,0],"41":[0,0],"42":[0,0],"43":[0,0],"44":[0,0],"45":[0,0],"46":[0,0],"47":[0,0],"48":[0,0,0,0],"49":[0,0],"50":[0,0],"51":[0,0],"52":[0,0],"53":[0,0],"54":[0,0],"55":[0,0],"56":[0,0],"57":[0,0],"58":[0,0],"59":[0,0],"60":[0,0],"61":[0,0],"62":[0,0],"63":[0,0],"64":[0,0],"65":[0,0],"66":[0,0],"67":[0,0],"68":[0,0],"69":[0,0],"70":[0,0],"71":[0,0],"72":[0,0],"73":[0,0],"74":[0,0],"75":[0,0],"76":[0,0],"77":[0,0],"78":[0,0],"79":[0,0],"80":[0,0],"81":[0,0],"82":[0,0],"83":[0,0,0,0],"84":[0,0],"85":[0,0],"86":[0,0],"87":[0,0],"88":[0,0],"89":[0,0],"90":[0,0],"91":[0,0],"92":[0,0],"93":[0,0],"94":[0,0],"95":[0,0],"96":[0,0],"97":[0,0],"98":[0,0],"99":[0,0],"100":[0,0],"101":[0,0],"102":[0,0],"103":[0,0],"104":[0,0],"105":[0,0],"106":[0,0],"107":[0,0],"108":[0,0],"109":[0,0],"110":[0,0],"111":[0,0],"112":[0,0],"113":[0,0],"114":[0,0],"115":[0,0],"116":[0,0],"117":[0,0],"118":[0,0],"119":[0,0],"120":[0,0],"121":[0,0],"122":[0,0,0],"123":[0,0],"124":[0,0],"125":[0,0],"126":[0,0],"127":[0,0],"128":[0,0],"129":[0,0],"130":[0,0],"131":[0,0],"132":[0,0],"133":[0,0],"134":[0,0],"135":[0,0],"136":[0,0],"137":[0,0],"138":[0,0],"139":[0,0],"140":[0,0],"141":[0,0,0],"142":[0,0],"143":[0,0],"144":[0,0],"145":[0,0],"146":[0,0],"147":[0,0],"148":[0,0],"149":[0,0,0],"150":[0,0],"151":[0,0,0,0,0,0],"152":[0,0],"153":[0,0],"154":[0,0],"155":[0,0],"156":[0,0],"157":[0,0],"158":[0,0],"159":[0,0],"160":[0,0],"161":[0,0],"162":[0,0],"163":[0,0],"164":[0,0],"165":[0,0],"166":[0,0],"167":[0,0,0],"168":[0,0],"169":[0,0],"170":[0,0],"171":[0,0],"172":[0,0,0],"173":[0,0],"174":[0,0],"175":[0,0,0],"176":[0,0],"177":[0,0],"178":[0,0],"179":[0,0],"180":[0,0],"181":[0,0],"182":[0,0],"183":[0,0],"184":[0,0],"185":[0,0]},"f":{"1":2,"2":0,"3":0,"4":0,"5":0,"6":0,"7":0,"8":0,"9":0,"10":0,"11":0,"12":0,"13":0,"14":0,"15":0,"16":0,"17":0,"18":0,"19":0,"20":0,"21":0,"22":0,"23":0,"24":0,"25":0,"26":0,"27":0,"28":0,"29":0,"30":0,"31":0,"32":0,"33":0,"34":0,"35":0,"36":0,"37":0,"38":0,"39":0,"40":0,"41":0,"42":0,"43":0,"44":0,"45":0,"46":0,"47":0,"48":0,"49":0,"50":0,"51":0,"52":0,"53":0,"54":0,"55":0,"56":0,"57":0,"58":0,"59":0,"60":0,"61":0,"62":0,"63":0,"64":0,"65":0,"66":0,"67":0,"68":0,"69":0,"70":0,"71":0,"72":0,"73":0,"74":0,"75":0,"76":0,"77":0,"78":0,"79":0,"80":0,"81":0,"82":0,"83":0,"84":0,"85":0,"86":0,"87":0,"88":0,"89":0,"90":0,"91":0,"92":0,"93":0,"94":0,"95":0,"96":0,"97":0,"98":0,"99":0,"100":0,"101":0,"102":0,"103":0,"104":0,"105":0,"106":0,"107":0,"108":0,"109":0,"110":0,"111":0,"112":0,"113":0,"114":0,"115":0,"116":0,"117":0,"118":0,"119":0,"120":0,"121":0,"122":0,"123":0,"124":0},"fnMap":{"1":{"name":"webpackUniversalModuleDefinition","line":1,"loc":{"start":{"line":1,"column":1},"end":{"line":1,"column":58}}},"2":{"name":"(anonymous_2)","line":10,"loc":{"start":{"line":10,"column":9},"end":{"line":10,"column":80}}},"3":{"name":"(anonymous_3)","line":11,"loc":{"start":{"line":11,"column":17},"end":{"line":11,"column":35}}},"4":{"name":"__webpack_require__","line":16,"loc":{"start":{"line":16,"column":10},"end":{"line":16,"column":49}}},"5":{"name":"(anonymous_5)","line":55,"loc":{"start":{"line":55,"column":6},"end":{"line":55,"column":53}}},"6":{"name":"(anonymous_6)","line":64,"loc":{"start":{"line":64,"column":6},"end":{"line":64,"column":53}}},"7":{"name":"(anonymous_7)","line":72,"loc":{"start":{"line":72,"column":33},"end":{"line":72,"column":51}}},"8":{"name":"(anonymous_8)","line":74,"loc":{"start":{"line":74,"column":22},"end":{"line":74,"column":34}}},"9":{"name":"sliceIterator","line":74,"loc":{"start":{"line":74,"column":36},"end":{"line":74,"column":67}}},"10":{"name":"(anonymous_10)","line":74,"loc":{"start":{"line":74,"column":437},"end":{"line":74,"column":455}}},"11":{"name":"(anonymous_11)","line":76,"loc":{"start":{"line":76,"column":20},"end":{"line":76,"column":32}}},"12":{"name":"defineProperties","line":76,"loc":{"start":{"line":76,"column":34},"end":{"line":76,"column":75}}},"13":{"name":"(anonymous_13)","line":76,"loc":{"start":{"line":76,"column":358},"end":{"line":76,"column":406}}},"14":{"name":"_interopRequireDefault","line":104,"loc":{"start":{"line":104,"column":1},"end":{"line":104,"column":38}}},"15":{"name":"_defineProperty","line":106,"loc":{"start":{"line":106,"column":1},"end":{"line":106,"column":43}}},"16":{"name":"_classCallCheck","line":108,"loc":{"start":{"line":108,"column":1},"end":{"line":108,"column":49}}},"17":{"name":"_possibleConstructorReturn","line":110,"loc":{"start":{"line":110,"column":1},"end":{"line":110,"column":49}}},"18":{"name":"_inherits","line":112,"loc":{"start":{"line":112,"column":1},"end":{"line":112,"column":42}}},"19":{"name":"(anonymous_19)","line":135,"loc":{"start":{"line":135,"column":17},"end":{"line":135,"column":45}}},"20":{"name":"Draggable","line":138,"loc":{"start":{"line":138,"column":3},"end":{"line":138,"column":52}}},"21":{"name":"(anonymous_21)","line":143,"loc":{"start":{"line":143,"column":25},"end":{"line":143,"column":48}}},"22":{"name":"(anonymous_22)","line":154,"loc":{"start":{"line":154,"column":20},"end":{"line":154,"column":43}}},"23":{"name":"(anonymous_23)","line":205,"loc":{"start":{"line":205,"column":24},"end":{"line":205,"column":47}}},"24":{"name":"componentWillMount","line":257,"loc":{"start":{"line":257,"column":12},"end":{"line":257,"column":42}}},"25":{"name":"componentDidMount","line":265,"loc":{"start":{"line":265,"column":12},"end":{"line":265,"column":41}}},"26":{"name":"componentWillReceiveProps","line":273,"loc":{"start":{"line":273,"column":12},"end":{"line":273,"column":71}}},"27":{"name":"componentWillUnmount","line":281,"loc":{"start":{"line":281,"column":12},"end":{"line":281,"column":44}}},"28":{"name":"render","line":286,"loc":{"start":{"line":286,"column":12},"end":{"line":286,"column":55}}},"29":{"name":"(anonymous_29)","line":464,"loc":{"start":{"line":464,"column":6},"end":{"line":464,"column":32}}},"30":{"name":"(anonymous_30)","line":470,"loc":{"start":{"line":470,"column":6},"end":{"line":470,"column":32}}},"31":{"name":"(anonymous_31)","line":476,"loc":{"start":{"line":476,"column":6},"end":{"line":476,"column":53}}},"32":{"name":"(anonymous_32)","line":485,"loc":{"start":{"line":485,"column":2},"end":{"line":485,"column":14}}},"33":{"name":"classNames","line":490,"loc":{"start":{"line":490,"column":2},"end":{"line":490,"column":25}}},"34":{"name":"(anonymous_34)","line":519,"loc":{"start":{"line":519,"column":72},"end":{"line":519,"column":84}}},"35":{"name":"(anonymous_35)","line":530,"loc":{"start":{"line":530,"column":6},"end":{"line":530,"column":53}}},"36":{"name":"(anonymous_36)","line":538,"loc":{"start":{"line":538,"column":33},"end":{"line":538,"column":51}}},"37":{"name":"_interopRequireDefault","line":563,"loc":{"start":{"line":563,"column":1},"end":{"line":563,"column":38}}},"38":{"name":"_defineProperty","line":565,"loc":{"start":{"line":565,"column":1},"end":{"line":565,"column":43}}},"39":{"name":"matchesSelector","line":571,"loc":{"start":{"line":571,"column":1},"end":{"line":571,"column":78}}},"40":{"name":"(anonymous_40)","line":573,"loc":{"start":{"line":573,"column":152},"end":{"line":573,"column":170}}},"41":{"name":"matchesSelectorAndParentsTo","line":584,"loc":{"start":{"line":584,"column":1},"end":{"line":584,"column":111}}},"42":{"name":"addEvent","line":595,"loc":{"start":{"line":595,"column":1},"end":{"line":595,"column":90}}},"43":{"name":"removeEvent","line":609,"loc":{"start":{"line":609,"column":1},"end":{"line":609,"column":93}}},"44":{"name":"outerHeight","line":623,"loc":{"start":{"line":623,"column":1},"end":{"line":623,"column":59}}},"45":{"name":"outerWidth","line":633,"loc":{"start":{"line":633,"column":1},"end":{"line":633,"column":58}}},"46":{"name":"innerHeight","line":642,"loc":{"start":{"line":642,"column":1},"end":{"line":642,"column":59}}},"47":{"name":"innerWidth","line":650,"loc":{"start":{"line":650,"column":1},"end":{"line":650,"column":58}}},"48":{"name":"offsetXYFromParent","line":659,"loc":{"start":{"line":659,"column":1},"end":{"line":659,"column":129}}},"49":{"name":"createCSSTransform","line":669,"loc":{"start":{"line":669,"column":1},"end":{"line":669,"column":48}}},"50":{"name":"createSVGTransform","line":677,"loc":{"start":{"line":677,"column":1},"end":{"line":677,"column":49}}},"51":{"name":"getTouch","line":684,"loc":{"start":{"line":684,"column":1},"end":{"line":684,"column":111}}},"52":{"name":"(anonymous_52)","line":685,"loc":{"start":{"line":685,"column":70},"end":{"line":685,"column":83}}},"53":{"name":"(anonymous_53)","line":687,"loc":{"start":{"line":687,"column":71},"end":{"line":687,"column":84}}},"54":{"name":"getTouchIdentifier","line":692,"loc":{"start":{"line":692,"column":1},"end":{"line":692,"column":68}}},"55":{"name":"addUserSelectStyles","line":706,"loc":{"start":{"line":706,"column":1},"end":{"line":706,"column":54}}},"56":{"name":"removeUserSelectStyles","line":711,"loc":{"start":{"line":711,"column":1},"end":{"line":711,"column":57}}},"57":{"name":"styleHacks","line":716,"loc":{"start":{"line":716,"column":1},"end":{"line":716,"column":36}}},"58":{"name":"(anonymous_58)","line":728,"loc":{"start":{"line":728,"column":6},"end":{"line":728,"column":32}}},"59":{"name":"findInArray","line":742,"loc":{"start":{"line":742,"column":1},"end":{"line":742,"column":93}}},"60":{"name":"isFunction","line":748,"loc":{"start":{"line":748,"column":1},"end":{"line":748,"column":51}}},"61":{"name":"isNum","line":752,"loc":{"start":{"line":752,"column":1},"end":{"line":752,"column":45}}},"62":{"name":"int","line":756,"loc":{"start":{"line":756,"column":1},"end":{"line":756,"column":43}}},"63":{"name":"dontSetMe","line":760,"loc":{"start":{"line":760,"column":1},"end":{"line":760,"column":91}}},"64":{"name":"(anonymous_64)","line":768,"loc":{"start":{"line":768,"column":6},"end":{"line":768,"column":32}}},"65":{"name":"getPrefix","line":779,"loc":{"start":{"line":779,"column":1},"end":{"line":779,"column":35}}},"66":{"name":"browserPrefixToKey","line":798,"loc":{"start":{"line":798,"column":1},"end":{"line":798,"column":82}}},"67":{"name":"browserPrefixToStyle","line":802,"loc":{"start":{"line":802,"column":1},"end":{"line":802,"column":84}}},"68":{"name":"kebabToTitleCase","line":806,"loc":{"start":{"line":806,"column":1},"end":{"line":806,"column":58}}},"69":{"name":"(anonymous_69)","line":829,"loc":{"start":{"line":829,"column":6},"end":{"line":829,"column":53}}},"70":{"name":"_interopRequireDefault","line":852,"loc":{"start":{"line":852,"column":1},"end":{"line":852,"column":38}}},"71":{"name":"getBoundPosition","line":857,"loc":{"start":{"line":857,"column":1},"end":{"line":857,"column":109}}},"72":{"name":"snapToGrid","line":900,"loc":{"start":{"line":900,"column":1},"end":{"line":900,"column":119}}},"73":{"name":"canDragX","line":906,"loc":{"start":{"line":906,"column":1},"end":{"line":906,"column":60}}},"74":{"name":"canDragY","line":910,"loc":{"start":{"line":910,"column":1},"end":{"line":910,"column":60}}},"75":{"name":"getControlPosition","line":915,"loc":{"start":{"line":915,"column":1},"end":{"line":915,"column":143}}},"76":{"name":"createCoreData","line":925,"loc":{"start":{"line":925,"column":1},"end":{"line":925,"column":108}}},"77":{"name":"createDraggableData","line":949,"loc":{"start":{"line":949,"column":1},"end":{"line":949,"column":107}}},"78":{"name":"cloneBounds","line":962,"loc":{"start":{"line":962,"column":1},"end":{"line":962,"column":56}}},"79":{"name":"(anonymous_79)","line":973,"loc":{"start":{"line":973,"column":6},"end":{"line":973,"column":53}}},"80":{"name":"(anonymous_80)","line":975,"loc":{"start":{"line":975,"column":29},"end":{"line":975,"column":47}}},"81":{"name":"(anonymous_81)","line":981,"loc":{"start":{"line":981,"column":22},"end":{"line":981,"column":34}}},"82":{"name":"sliceIterator","line":981,"loc":{"start":{"line":981,"column":36},"end":{"line":981,"column":67}}},"83":{"name":"(anonymous_83)","line":981,"loc":{"start":{"line":981,"column":437},"end":{"line":981,"column":455}}},"84":{"name":"(anonymous_84)","line":983,"loc":{"start":{"line":983,"column":20},"end":{"line":983,"column":32}}},"85":{"name":"defineProperties","line":983,"loc":{"start":{"line":983,"column":34},"end":{"line":983,"column":75}}},"86":{"name":"(anonymous_86)","line":983,"loc":{"start":{"line":983,"column":358},"end":{"line":983,"column":406}}},"87":{"name":"_interopRequireDefault","line":1003,"loc":{"start":{"line":1003,"column":1},"end":{"line":1003,"column":38}}},"88":{"name":"_classCallCheck","line":1005,"loc":{"start":{"line":1005,"column":1},"end":{"line":1005,"column":49}}},"89":{"name":"_possibleConstructorReturn","line":1007,"loc":{"start":{"line":1007,"column":1},"end":{"line":1007,"column":49}}},"90":{"name":"_inherits","line":1009,"loc":{"start":{"line":1009,"column":1},"end":{"line":1009,"column":42}}},"91":{"name":"(anonymous_91)","line":1043,"loc":{"start":{"line":1043,"column":21},"end":{"line":1043,"column":49}}},"92":{"name":"DraggableCore","line":1046,"loc":{"start":{"line":1046,"column":3},"end":{"line":1046,"column":28}}},"93":{"name":"(anonymous_93)","line":1062,"loc":{"start":{"line":1062,"column":32},"end":{"line":1062,"column":45}}},"94":{"name":"(anonymous_94)","line":1121,"loc":{"start":{"line":1121,"column":27},"end":{"line":1121,"column":40}}},"95":{"name":"(anonymous_95)","line":1176,"loc":{"start":{"line":1176,"column":31},"end":{"line":1176,"column":44}}},"96":{"name":"(anonymous_96)","line":1210,"loc":{"start":{"line":1210,"column":28},"end":{"line":1210,"column":41}}},"97":{"name":"(anonymous_97)","line":1214,"loc":{"start":{"line":1214,"column":26},"end":{"line":1214,"column":39}}},"98":{"name":"(anonymous_98)","line":1218,"loc":{"start":{"line":1218,"column":29},"end":{"line":1218,"column":42}}},"99":{"name":"(anonymous_99)","line":1223,"loc":{"start":{"line":1223,"column":27},"end":{"line":1223,"column":40}}},"100":{"name":"componentWillUnmount","line":1233,"loc":{"start":{"line":1233,"column":12},"end":{"line":1233,"column":44}}},"101":{"name":"render","line":1250,"loc":{"start":{"line":1250,"column":12},"end":{"line":1250,"column":55}}},"102":{"name":"offsetParent","line":1296,"loc":{"start":{"line":1296,"column":17},"end":{"line":1296,"column":56}}},"103":{"name":"onStart","line":1391,"loc":{"start":{"line":1391,"column":12},"end":{"line":1391,"column":31}}},"104":{"name":"onDrag","line":1392,"loc":{"start":{"line":1392,"column":11},"end":{"line":1392,"column":29}}},"105":{"name":"onStop","line":1393,"loc":{"start":{"line":1393,"column":11},"end":{"line":1393,"column":29}}},"106":{"name":"onMouseDown","line":1394,"loc":{"start":{"line":1394,"column":16},"end":{"line":1394,"column":39}}},"107":{"name":"(anonymous_107)","line":1401,"loc":{"start":{"line":1401,"column":6},"end":{"line":1401,"column":32}}},"108":{"name":"defaultSetTimout","line":1414,"loc":{"start":{"line":1414,"column":1},"end":{"line":1414,"column":29}}},"109":{"name":"defaultClearTimeout","line":1417,"loc":{"start":{"line":1417,"column":1},"end":{"line":1417,"column":33}}},"110":{"name":"(anonymous_110)","line":1420,"loc":{"start":{"line":1420,"column":2},"end":{"line":1420,"column":14}}},"111":{"name":"runTimeout","line":1440,"loc":{"start":{"line":1440,"column":1},"end":{"line":1440,"column":26}}},"112":{"name":"runClearTimeout","line":1465,"loc":{"start":{"line":1465,"column":1},"end":{"line":1465,"column":34}}},"113":{"name":"cleanUpNextTick","line":1497,"loc":{"start":{"line":1497,"column":1},"end":{"line":1497,"column":28}}},"114":{"name":"drainQueue","line":1512,"loc":{"start":{"line":1512,"column":1},"end":{"line":1512,"column":23}}},"115":{"name":"(anonymous_115)","line":1536,"loc":{"start":{"line":1536,"column":20},"end":{"line":1536,"column":35}}},"116":{"name":"Item","line":1550,"loc":{"start":{"line":1550,"column":1},"end":{"line":1550,"column":27}}},"117":{"name":"(anonymous_117)","line":1554,"loc":{"start":{"line":1554,"column":22},"end":{"line":1554,"column":34}}},"118":{"name":"noop","line":1564,"loc":{"start":{"line":1564,"column":1},"end":{"line":1564,"column":17}}},"119":{"name":"(anonymous_119)","line":1574,"loc":{"start":{"line":1574,"column":19},"end":{"line":1574,"column":35}}},"120":{"name":"(anonymous_120)","line":1578,"loc":{"start":{"line":1578,"column":15},"end":{"line":1578,"column":27}}},"121":{"name":"(anonymous_121)","line":1579,"loc":{"start":{"line":1579,"column":17},"end":{"line":1579,"column":32}}},"122":{"name":"(anonymous_122)","line":1582,"loc":{"start":{"line":1582,"column":17},"end":{"line":1582,"column":28}}},"123":{"name":"(anonymous_123)","line":1587,"loc":{"start":{"line":1587,"column":6},"end":{"line":1587,"column":53}}},"124":{"name":"log","line":1597,"loc":{"start":{"line":1597,"column":1},"end":{"line":1597,"column":16}}}},"statementMap":{"1":{"start":{"line":1,"column":0},"end":{"line":1605,"column":3}},"2":{"start":{"line":2,"column":1},"end":{"line":9,"column":68}},"3":{"start":{"line":3,"column":2},"end":{"line":3,"column":67}},"4":{"start":{"line":4,"column":6},"end":{"line":9,"column":68}},"5":{"start":{"line":5,"column":2},"end":{"line":5,"column":42}},"6":{"start":{"line":6,"column":6},"end":{"line":9,"column":68}},"7":{"start":{"line":7,"column":2},"end":{"line":7,"column":78}},"8":{"start":{"line":9,"column":2},"end":{"line":9,"column":68}},"9":{"start":{"line":11,"column":0},"end":{"line":1604,"column":11}},"10":{"start":{"line":13,"column":10},"end":{"line":13,"column":36}},"11":{"start":{"line":16,"column":10},"end":{"line":37,"column":11}},"12":{"start":{"line":19,"column":11},"end":{"line":20,"column":54}},"13":{"start":{"line":20,"column":12},"end":{"line":20,"column":54}},"14":{"start":{"line":23,"column":11},"end":{"line":27,"column":13}},"15":{"start":{"line":30,"column":11},"end":{"line":30,"column":95}},"16":{"start":{"line":33,"column":11},"end":{"line":33,"column":32}},"17":{"start":{"line":36,"column":11},"end":{"line":36,"column":33}},"18":{"start":{"line":41,"column":10},"end":{"line":41,"column":42}},"19":{"start":{"line":44,"column":10},"end":{"line":44,"column":51}},"20":{"start":{"line":47,"column":10},"end":{"line":47,"column":37}},"21":{"start":{"line":50,"column":10},"end":{"line":50,"column":40}},"22":{"start":{"line":59,"column":1},"end":{"line":59,"column":49}},"23":{"start":{"line":60,"column":1},"end":{"line":60,"column":63}},"24":{"start":{"line":68,"column":1},"end":{"line":70,"column":4}},"25":{"start":{"line":72,"column":1},"end":{"line":72,"column":258}},"26":{"start":{"line":72,"column":53},"end":{"line":72,"column":240}},"27":{"start":{"line":72,"column":98},"end":{"line":72,"column":124}},"28":{"start":{"line":72,"column":125},"end":{"line":72,"column":238}},"29":{"start":{"line":72,"column":151},"end":{"line":72,"column":236}},"30":{"start":{"line":72,"column":208},"end":{"line":72,"column":234}},"31":{"start":{"line":72,"column":241},"end":{"line":72,"column":255}},"32":{"start":{"line":74,"column":1},"end":{"line":74,"column":665}},"33":{"start":{"line":74,"column":36},"end":{"line":74,"column":429}},"34":{"start":{"line":74,"column":69},"end":{"line":74,"column":83}},"35":{"start":{"line":74,"column":84},"end":{"line":74,"column":98}},"36":{"start":{"line":74,"column":99},"end":{"line":74,"column":114}},"37":{"start":{"line":74,"column":115},"end":{"line":74,"column":134}},"38":{"start":{"line":74,"column":135},"end":{"line":74,"column":414}},"39":{"start":{"line":74,"column":141},"end":{"line":74,"column":284}},"40":{"start":{"line":74,"column":227},"end":{"line":74,"column":247}},"41":{"start":{"line":74,"column":248},"end":{"line":74,"column":282}},"42":{"start":{"line":74,"column":276},"end":{"line":74,"column":282}},"43":{"start":{"line":74,"column":301},"end":{"line":74,"column":311}},"44":{"start":{"line":74,"column":312},"end":{"line":74,"column":321}},"45":{"start":{"line":74,"column":334},"end":{"line":74,"column":412}},"46":{"start":{"line":74,"column":340},"end":{"line":74,"column":380}},"47":{"start":{"line":74,"column":365},"end":{"line":74,"column":380}},"48":{"start":{"line":74,"column":393},"end":{"line":74,"column":410}},"49":{"start":{"line":74,"column":401},"end":{"line":74,"column":410}},"50":{"start":{"line":74,"column":415},"end":{"line":74,"column":427}},"51":{"start":{"line":74,"column":430},"end":{"line":74,"column":660}},"52":{"start":{"line":74,"column":457},"end":{"line":74,"column":657}},"53":{"start":{"line":74,"column":483},"end":{"line":74,"column":494}},"54":{"start":{"line":74,"column":502},"end":{"line":74,"column":657}},"55":{"start":{"line":74,"column":540},"end":{"line":74,"column":569}},"56":{"start":{"line":74,"column":579},"end":{"line":74,"column":655}},"57":{"start":{"line":76,"column":1},"end":{"line":76,"column":565}},"58":{"start":{"line":76,"column":34},"end":{"line":76,"column":350}},"59":{"start":{"line":76,"column":77},"end":{"line":76,"column":348}},"60":{"start":{"line":76,"column":118},"end":{"line":76,"column":144}},"61":{"start":{"line":76,"column":145},"end":{"line":76,"column":200}},"62":{"start":{"line":76,"column":201},"end":{"line":76,"column":232}},"63":{"start":{"line":76,"column":233},"end":{"line":76,"column":287}},"64":{"start":{"line":76,"column":260},"end":{"line":76,"column":287}},"65":{"start":{"line":76,"column":288},"end":{"line":76,"column":346}},"66":{"start":{"line":76,"column":351},"end":{"line":76,"column":560}},"67":{"start":{"line":76,"column":408},"end":{"line":76,"column":476}},"68":{"start":{"line":76,"column":424},"end":{"line":76,"column":476}},"69":{"start":{"line":76,"column":477},"end":{"line":76,"column":537}},"70":{"start":{"line":76,"column":494},"end":{"line":76,"column":537}},"71":{"start":{"line":76,"column":538},"end":{"line":76,"column":557}},"72":{"start":{"line":78,"column":1},"end":{"line":78,"column":37}},"73":{"start":{"line":80,"column":1},"end":{"line":80,"column":46}},"74":{"start":{"line":82,"column":1},"end":{"line":82,"column":40}},"75":{"start":{"line":84,"column":1},"end":{"line":84,"column":52}},"76":{"start":{"line":86,"column":1},"end":{"line":86,"column":42}},"77":{"start":{"line":88,"column":1},"end":{"line":88,"column":56}},"78":{"start":{"line":90,"column":1},"end":{"line":90,"column":38}},"79":{"start":{"line":92,"column":1},"end":{"line":92,"column":43}},"80":{"start":{"line":94,"column":1},"end":{"line":94,"column":37}},"81":{"start":{"line":96,"column":1},"end":{"line":96,"column":45}},"82":{"start":{"line":98,"column":1},"end":{"line":98,"column":62}},"83":{"start":{"line":100,"column":1},"end":{"line":100,"column":36}},"84":{"start":{"line":102,"column":1},"end":{"line":102,"column":42}},"85":{"start":{"line":104,"column":1},"end":{"line":104,"column":96}},"86":{"start":{"line":104,"column":40},"end":{"line":104,"column":94}},"87":{"start":{"line":106,"column":1},"end":{"line":106,"column":210}},"88":{"start":{"line":106,"column":45},"end":{"line":106,"column":196}},"89":{"start":{"line":106,"column":63},"end":{"line":106,"column":167}},"90":{"start":{"line":106,"column":177},"end":{"line":106,"column":194}},"91":{"start":{"line":106,"column":197},"end":{"line":106,"column":208}},"92":{"start":{"line":108,"column":1},"end":{"line":108,"column":154}},"93":{"start":{"line":108,"column":51},"end":{"line":108,"column":152}},"94":{"start":{"line":108,"column":93},"end":{"line":108,"column":150}},"95":{"start":{"line":110,"column":1},"end":{"line":110,"column":241}},"96":{"start":{"line":110,"column":51},"end":{"li
[...]
this.handleDragStop(e);","\t    }, _this.onTouchStart = function (e) {","\t      // We're on a touch device now, so change the event handlers","\t      dragEventFor = eventsFor.touch;","\t","\t      return _this.handleDragStart(e);","\t    }, _this.onTouchEnd = function (e) {","\t      // We're on a touch device now, so change the event handlers","\t      dragEventFor = eventsFor.touch;","\t","\t      return _this.handleDragStop(e);","\t    }, _temp), _possibleConstructorReturn(_this, _ret);","\t  }","\t","\t  _createClass(DraggableCore, [{","\t    key: 'componentWillUnmount',","\t    value: function componentWillUnmount() {","\t      // Remove any leftover event handlers. Remove both touch and mouse handlers in case","\t      // some browser quirk caused a touch event to fire during a mouse move, or vice versa.","\t      var _ReactDOM$findDOMNode2 = _reactDom2.default.findDOMNode(this),","\t          ownerDocument = _ReactDOM$findDOMNode2.ownerDocument;","\t","\t      (0, _domFns.removeEvent)(ownerDocument, eventsFor.mouse.move, this.handleDrag);","\t      (0, _domFns.removeEvent)(ownerDocument, eventsFor.touch.move, this.handleDrag);","\t      (0, _domFns.removeEvent)(ownerDocument, eventsFor.mouse.stop, this.handleDragStop);","\t      (0, _domFns.removeEvent)(ownerDocument, eventsFor.touch.stop, this.handleDragStop);","\t      if (this.props.enableUserSelectHack) (0, _domFns.removeUserSelectStyles)(ownerDocument.body);","\t    }","\t","\t    // Same as onMouseDown (start drag), but now consider this a touch device.","\t","\t  }, {","\t    key: 'render',","\t    value: function render() /*: React.Element<any>*/ {","\t      // Reuse the child provided","\t      // This makes it flexible to use whatever element is wanted (div, ul, etc)","\t      return _react2.default.cloneElement(_react2.default.Children.only(this.props.children), {","\t        style: (0, _domFns.styleHacks)(this.props.children.props.style),","\t","\t        // Note: mouseMove handler is attached to document so it will still function","\t        // when the user drags quickly and leaves the bounds of the element.","\t        onMouseDown: this.onMouseDown,","\t        onTouchStart: this.onTouchStart,","\t        onMouseUp: this.onMouseUp,","\t        onTouchEnd: this.onTouchEnd","\t      });","\t    }","\t  }]);","\t","\t  return DraggableCore;","\t}(_react2.default.Component);","\t","\tDraggableCore.displayName = 'DraggableCore';","\tDraggableCore.propTypes = {","\t  /**","\t   * `allowAnyClick` allows dragging using any mouse button.","\t   * By default, we only accept the left button.","\t   *","\t   * Defaults to `false`.","\t   */","\t  allowAnyClick: _react.PropTypes.bool,","\t","\t  /**","\t   * `disabled`, if true, stops the <Draggable> from dragging. All handlers,","\t   * with the exception of `onMouseDown`, will not fire.","\t   */","\t  disabled: _react.PropTypes.bool,","\t","\t  /**","\t   * By default, we add 'user-select:none' attributes to the document body","\t   * to prevent ugly text selection during drag. If this is causing problems","\t   * for your app, set this to `false`.","\t   */","\t  enableUserSelectHack: _react.PropTypes.bool,","\t","\t  /**","\t   * `offsetParent`, if set, uses the passed DOM node to compute drag offsets","\t   * instead of using the parent node.","\t   */","\t  offsetParent: function offsetParent(props, propName) {","\t    if (process.browser && props[propName] && props[propName].nodeType !== 1) {","\t      throw new Error('Draggable\\'s offsetParent must be a DOM Node.');","\t    }","\t  },","\t","\t  /**","\t   * `grid` specifies the x and y that dragging should snap to.","\t   */","\t  grid: _react.PropTypes.arrayOf(_react.PropTypes.number),","\t","\t  /**","\t   * `handle` specifies a selector to be used as the handle that initiates drag.","\t   *","\t   * Example:","\t   *","\t   * ```jsx","\t   *   let App = React.createClass({","\t   *       render: function () {","\t   *         return (","\t   *            <Draggable handle=\".handle\">","\t   *              <div>","\t   *                  <div className=\"handle\">Click me to drag</div>","\t   *                  <div>This is some other content</div>","\t   *              </div>","\t   *           </Draggable>","\t   *         );","\t   *       }","\t   *   });","\t   * ```","\t   */","\t  handle: _react.PropTypes.string,","\t","\t  /**","\t   * `cancel` specifies a selector to be used to prevent drag initialization.","\t   *","\t   * Example:","\t   *","\t   * ```jsx","\t   *   let App = React.createClass({","\t   *       render: function () {","\t   *           return(","\t   *               <Draggable cancel=\".cancel\">","\t   *                   <div>","\t   *                     <div className=\"cancel\">You can't drag from here</div>","\t   *                     <div>Dragging here works fine</div>","\t   *                   </div>","\t   *               </Draggable>","\t   *           );","\t   *       }","\t   *   });","\t   * ```","\t   */","\t  cancel: _react.PropTypes.string,","\t","\t  /**","\t   * Called when dragging starts.","\t   * If this function returns the boolean false, dragging will be canceled.","\t   */","\t  onStart: _react.PropTypes.func,","\t","\t  /**","\t   * Called while dragging.","\t   * If this function returns the boolean false, dragging will be canceled.","\t   */","\t  onDrag: _react.PropTypes.func,","\t","\t  /**","\t   * Called when dragging stops.","\t   * If this function returns the boolean false, the drag will remain active.","\t   */","\t  onStop: _react.PropTypes.func,","\t","\t  /**","\t   * A workaround option which can be passed if onMouseDown needs to be accessed,","\t   * since it'll always be blocked (as there is internal use of onMouseDown)","\t   */","\t  onMouseDown: _react.PropTypes.func,","\t","\t  /**","\t   * These properties should be defined on the child, not here.","\t   */","\t  className: _shims.dontSetMe,","\t  style: _shims.dontSetMe,","\t  transform: _shims.dontSetMe","\t};","\tDraggableCore.defaultProps = {","\t  allowAnyClick: false, // by default only accept left click","\t  cancel: null,","\t  disabled: false,","\t  enableUserSelectHack: true,","\t  offsetParent: null,","\t  handle: null,","\t  grid: null,","\t  transform: null,","\t  onStart: function onStart() {},","\t  onDrag: function onDrag() {},","\t  onStop: function onStop() {},","\t  onMouseDown: function onMouseDown() {}","\t};","\texports.default = DraggableCore;","\t/* WEBPACK VAR INJECTION */}.call(exports, __webpack_require__(10)))","","/***/ },","/* 10 */","/***/ function(module, exports) {","","\t// shim for using process in browser","\tvar process = module.exports = {};","\t","\t// cached from whatever global is present so that test runners that stub it","\t// don't break things.  But we need to wrap it in a try catch in case it is","\t// wrapped in strict mode code which doesn't define any globals.  It's inside a","\t// function because try/catches deoptimize in certain engines.","\t","\tvar cachedSetTimeout;","\tvar cachedClearTimeout;","\t","\tfunction defaultSetTimout() {","\t    throw new Error('setTimeout has not been defined');","\t}","\tfunction defaultClearTimeout () {","\t    throw new Error('clearTimeout has not been defined');","\t}","\t(function () {","\t    try {","\t        if (typeof setTimeout === 'function') {","\t            cachedSetTimeout = setTimeout;","\t        } else {","\t            cachedSetTimeout = defaultSetTimout;","\t        }","\t    } catch (e) {","\t        cachedSetTimeout = defaultSetTimout;","\t    }","\t    try {","\t        if (typeof clearTimeout === 'function') {","\t            cachedClearTimeout = clearTimeout;","\t        } else {","\t            cachedClearTimeout = defaultClearTimeout;","\t        }","\t    } catch (e) {","\t        cachedClearTimeout = defaultClearTimeout;","\t    }","\t} ())","\tfunction runTimeout(fun) {","\t    if (cachedSetTimeout === setTimeout) {","\t        //normal enviroments in sane situations","\t        return setTimeout(fun, 0);","\t    }","\t    // if setTimeout wasn't available but was latter defined","\t    if ((cachedSetTimeout === defaultSetTimout || !cachedSetTimeout) && setTimeout) {","\t        cachedSetTimeout = setTimeout;","\t        return setTimeout(fun, 0);","\t    }","\t    try {","\t        // when when somebody has screwed with setTimeout but no I.E. maddness","\t        return cachedSetTimeout(fun, 0);","\t    } catch(e){","\t        try {","\t            // When we are in I.E. but the script has been evaled so I.E. doesn't trust the global object when called normally","\t            return cachedSetTimeout.call(null, fun, 0);","\t        } catch(e){","\t            // same as above but when it's a version of I.E. that must have the global object for 'this', hopfully our context correct otherwise it will throw a global error","\t            return cachedSetTimeout.call(this, fun, 0);","\t        }","\t    }","\t","\t","\t}","\tfunction runClearTimeout(marker) {","\t    if (cachedClearTimeout === clearTimeout) {","\t        //normal enviroments in sane situations","\t        return clearTimeout(marker);","\t    }","\t    // if clearTimeout wasn't available but was latter defined","\t    if ((cachedClearTimeout === defaultClearTimeout || !cachedClearTimeout) && clearTimeout) {","\t        cachedClearTimeout = clearTimeout;","\t        return clearTimeout(marker);","\t    }","\t    try {","\t        // when when somebody has screwed with setTimeout but no I.E. maddness","\t        return cachedClearTimeout(marker);","\t    } catch (e){","\t        try {","\t            // When we are in I.E. but the script has been evaled so I.E. doesn't  trust the global object when called normally","\t            return cachedClearTimeout.call(null, marker);","\t        } catch (e){","\t            // same as above but when it's a version of I.E. that must have the global object for 'this', hopfully our context correct otherwise it will throw a global error.","\t            // Some versions of I.E. have different rules for clearTimeout vs setTimeout","\t            return cachedClearTimeout.call(this, marker);","\t        }","\t    }","\t","\t","\t","\t}","\tvar queue = [];","\tvar draining = false;","\tvar currentQueue;","\tvar queueIndex = -1;","\t","\tfunction cleanUpNextTick() {","\t    if (!draining || !currentQueue) {","\t        return;","\t    }","\t    draining = false;","\t    if (currentQueue.length) {","\t        queue = currentQueue.concat(queue);","\t    } else {","\t        queueIndex = -1;","\t    }","\t    if (queue.length) {","\t        drainQueue();","\t    }","\t}","\t","\tfunction drainQueue() {","\t    if (draining) {","\t        return;","\t    }","\t    var timeout = runTimeout(cleanUpNextTick);","\t    draining = true;","\t","\t    var len = queue.length;","\t    while(len) {","\t        currentQueue = queue;","\t        queue = [];","\t        while (++queueIndex < len) {","\t            if (currentQueue) {","\t                currentQueue[queueIndex].run();","\t            }","\t        }","\t        queueIndex = -1;","\t        len = queue.length;","\t    }","\t    currentQueue = null;","\t    draining = false;","\t    runClearTimeout(timeout);","\t}","\t","\tprocess.nextTick = function (fun) {","\t    var args = new Array(arguments.length - 1);","\t    if (arguments.length > 1) {","\t        for (var i = 1; i < arguments.length; i++) {","\t            args[i - 1] = arguments[i];","\t        }","\t    }","\t    queue.push(new Item(fun, args));","\t    if (queue.length === 1 && !draining) {","\t        runTimeout(drainQueue);","\t    }","\t};","\t","\t// v8 likes predictible objects","\tfunction Item(fun, array) {","\t    this.fun = fun;","\t    this.array = array;","\t}","\tItem.prototype.run = function () {","\t    this.fun.apply(null, this.array);","\t};","\tprocess.title = 'browser';","\tprocess.browser = true;","\tprocess.env = {};","\tprocess.argv = [];","\tprocess.version = ''; // empty string to avoid regexp issues","\tprocess.versions = {};","\t","\tfunction noop() {}","\t","\tprocess.on = noop;","\tprocess.addListener = noop;","\tprocess.once = noop;","\tprocess.off = noop;","\tprocess.removeListener = noop;","\tprocess.removeAllListeners = noop;","\tprocess.emit = noop;","\t","\tprocess.binding = function (name) {","\t    throw new Error('process.binding is not supported');","\t};","\t","\tprocess.cwd = function () { return '/' };","\tprocess.chdir = function (dir) {","\t    throw new Error('process.chdir is not supported');","\t};","\tprocess.umask = function() { return 0; };","","","/***/ },","/* 11 */","/***/ function(module, exports, __webpack_require__) {","","\t\"use strict\";","\t","\tObject.defineProperty(exports, \"__esModule\", {","\t  value: true","\t});","\texports.default = log;","\t","\t/*eslint no-console:0*/","\tfunction log() {","\t  var _console;","\t","\t  if ((undefined)) (_console = console).log.apply(_console, arguments);","\t}","","/***/ }","/******/ ])","});",";","//# sourceMappingURL=react-draggable.js.map"],"l":{"1":2,"2":2,"3":2,"4":0,"5":0,"6":0,"7":0,"9":0,"11":0,"13":0,"16":1,"19":0,"20":0,"23":0,"30":0,"33":0,"36":0,"41":0,"44":0,"47":0,"50":0,"59":0,"60":0,"68":0,"72":0,"74":1,"76":1,"78":0,"80":0,"82":0,"84":0,"86":0,"88":0,"90":0,"92":0,"94":0,"96":0,"98":0,"100":0,"102":0,"104":1,"106":1,"108":1,"110":1,"112":1,"135":0,"136":0,"138":1,"139":0,"141":0,"143":0,"144":0,"147":0,"149":0,"151":0,"154":0,"155":0,"156":0,"158":0,"160":0,"166":0,"168":0,"175":0,"176":0,"182":0,"184":0,"186":0,"187":0,"188":0,"189":0,"192":0,"193":0,"194":0,"195":0,"199":0,"200":0,"202":0,"205":0,"206":0,"209":0,"210":0,"212":0,"214":0,"222":0,"223":0,"224":0,"228":0,"229":0,"232":0,"235":0,"252":0,"255":0,"258":0,"260":0,"267":0,"268":0,"275":0,"276":0,"282":0,"287":0,"289":0,"293":0,"294":0,"296":0,"297":0,"306":0,"307":0,"313":0,"316":0,"323":0,"327":0,"339":0,"342":0,"343":0,"451":0,"460":0,"466":0,"472":0,"478":0,"485":0,"488":0,"490":1,"491":0,"493":0,"494":0,"495":0,"497":0,"499":0,"500":0,"501":0,"502":0,"503":0,"504":0,"505":0,"506":0,"512":0,"515":0,"516":0,"517":0,"519":0,"520":0,"523":0,"534":0,"538":0,"540":0,"541":0,"542":0,"543":0,"544":0,"545":0,"546":0,"547":0,"548":0,"549":0,"550":0,"551":0,"552":0,"553":0,"554":0,"555":0,"557":0,"559":0,"561":0,"563":1,"565":1,"570":0,"571":1,"572":0,"573":0,"575":0,"580":0,"584":1,"585":0,"586":0,"587":0,"588":0,"589":0,"592":0,"595":1,"596":0,"597":0,"599":0,"600":0,"601":0,"602":0,"605":0,"609":1,"610":0,"611":0,"613":0,"614":0,"615":0,"616":0,"619":0,"623":1,"626":0,"627":0,"628":0,"629":0,"630":0,"633":1,"636":0,"637":0,"638":0,"639":0,"640":0,"642":1,"643":0,"644":0,"645":0,"646":0,"647":0,"650":1,"651":0,"652":0,"653":0,"654":0,"655":0,"659":1,"660":0,"661":0,"663":0,"664":0,"666":0,"669":1,"670":0,"674":0,"677":1,"678":0,"681":0,"684":1,"685":0,"686":0,"688":0,"692":1,"693":0,"694":0,"700":0,"701":0,"702":0,"703":0,"706":1,"707":0,"708":0,"711":1,"712":0,"713":0,"716":1,"717":0,"721":0,"732":0,"735":0,"736":0,"737":0,"738":0,"739":0,"742":1,"743":0,"744":0,"748":1,"749":0,"752":1,"753":0,"756":1,"757":0,"760":1,"761":0,"762":0,"772":0,"775":0,"776":0,"777":0,"778":0,"779":1,"780":0,"785":0,"787":0,"789":0,"791":0,"792":0,"795":0,"798":1,"799":0,"802":1,"803":0,"806":1,"807":0,"808":0,"809":0,"810":0,"811":0,"812":0,"813":0,"814":0,"816":0,"819":0,"825":0,"833":0,"836":0,"837":0,"838":0,"839":0,"840":0,"841":0,"842":0,"844":0,"846":0,"848":0,"850":0,"852":1,"857":1,"859":0,"862":0,"864":0,"865":0,"867":0,"868":0,"870":0,"871":0,"872":0,"873":0,"875":0,"876":0,"878":0,"879":0,"881":0,"890":0,"891":0,"894":0,"895":0,"897":0,"900":1,"901":0,"902":0,"903":0,"906":1,"907":0,"910":1,"911":0,"915":1,"916":0,"917":0,"918":0,"920":0,"921":0,"925":1,"926":0,"927":0,"929":0,"931":0,"939":0,"949":1,"950":0,"962":1,"963":0,"975":0,"977":0,"981":1,"983":1,"985":0,"987":0,"989":0,"991":0,"993":0,"995":0,"997":0,"999":0,"1001":0,"1003":1,"1005":1,"1007":1,"1009":1,"1013":0,"1027":0,"1043":0,"1044":0,"1046":1,"1047":0,"1049":0,"1051":0,"1053":0,"1054":0,"1057":0,"1064":0,"1067":0,"1070":0,"1071":0,"1075":0,"1076":0,"1082":0,"1083":0,"1086":0,"1087":0,"1088":0,"1093":0,"1095":0,"1098":0,"1099":0,"1100":0,"1104":0,"1109":0,"1119":0,"1120":0,"1124":0,"1127":0,"1128":0,"1129":0,"1134":0,"1136":0,"1137":0,"1140":0,"1142":0,"1144":0,"1145":0,"1147":0,"1148":0,"1151":0,"1153":0,"1156":0,"1157":0,"1158":0,"1160":0,"1163":0,"1166":0,"1167":0,"1169":0,"1172":0,"1177":0,"1179":0,"1180":0,"1181":0,"1184":0,"1186":0,"1192":0,"1194":0,"1197":0,"1204":0,"1207":0,"1208":0,"1209":0,"1211":0,"1213":0,"1215":0,"1217":0,"1220":0,"1222":0,"1225":0,"1227":0,"1231":0,"1236":0,"1239":0,"1240":0,"1241":0,"1242":0,"1243":0,"1253":0,"1266":0,"1269":0,"1270":0,"1297":0,"1298":0,"1382":0,"1396":0,"1404":0,"1411":0,"1412":0,"1414":1,"1415":0,"1417":1,"1418":0,"1420":0,"1421":0,"1422":0,"1423":0,"1425":0,"1428":0,"1430":0,"1431":0,"1432":0,"1434":0,"1437":0,"1440":1,"1441":0,"1443":0,"1446":0,"1447":0,"1448":0,"1450":0,"1452":0,"1454":0,"1456":0,"1459":0,"1465":1,"1466":0,"1468":0,"1471":0,"1472":0,"1473":0,"1475":0,"1477":0,"1479":0,"1481":0,"1485":0,"1492":0,"1493":0,"1494":0,"1495":0,"1497":1,"1498":0,"1499":0,"1501":0,"1502":0,"1503":0,"1505":0,"1507":0,"1508":0,"1512":1,"1513":0,"1514":0,"1516":0,"1517":0,"1519":0,"1520":0,"1521":0,"1522":0,"1523":0,"1524":0,"1525":0,"1528":0,"1529":0,"1531":0,"1532":0,"1533":0,"1536":0,"1537":0,"1538":0,"1539":0,"1540":0,"1543":0,"1544":0,"1545":0,"1550":1,"1551":0,"1552":0,"1554":0,"1555":0,"1557":0,"1558":0,"1559":0,"1560":0,"1561":0,"1562":0,"1564":1,"1566":0,"1567":0,"1568":0,"1569":0,"1570":0,"1571":0,"1572":0,"1574":0,"1575":0,"1578":0,"1579":0,"1580":0,"1582":0,"1591":0,"1594":0,"1597":1,"1598":0,"1600":0}},"/home/travis/build/npmtest/node-npmtest-react-draggable/node_modules/react-draggable/index.js":{"path":"/home/travis/build/npmtest/node-npmtest-react-draggable/node_modules/react-draggable/index.js","s":{"1":2,"2":0},"b":{},"f":{},"fnMap":{},"statementMap":{"1":{"start":{"line":1,"column":0},"end":{"line":1,"column":52}},"2":{"start":{"line":2,"column":0},"end":{"line":2,"column":70}}},"branchMap":{},"code":["module.exports = require('./lib/Draggable').default;","module.exports.DraggableCore = require('./lib/DraggableCore').default;",""],"l":{"1":2,"2":0}},"/home/travis/build/npmtest/node-npmtest-react-draggable/node_modules/react-draggable/webpack.config.js":{"path":"/home/travis/build/npmtest/node-npmtest-react-draggable/node_modules/react-draggable/webpack.config.js","s":{"1":2,"2":0},"b":{},"f":{},"fnMap":{},"statementMap":{"1":{"start":{"line":1,"column":0},"end":{"line":1,"column":33}},"2":{"start":{"line":3,"column":0},"end":{"line":46,"column":2}}},"branchMap":{},"code":["var webpack = require('webpack');","","module.exports = {","\tentry: './index.js',","\toutput: {","    filename: './dist/react-draggable.js',","    sourceMapFilename: './dist/react-draggable.js.map',","    devtoolModuleFilenameTemplate: '../[resource-path]',","    library: 'ReactDraggable',","    libraryTarget: 'umd'","\t},","  externals: {","    'react': {","      'commonjs': 'react',","      'commonjs2': 'react',","      'amd': 'react',","      // React dep should be available as window.React, not window.react","      'root': 'React'","    },","    'react-dom': {","      'commonjs': 'react-dom',","      'commonjs2': 'react-dom',","      'amd': 'react-dom',","      'root': 'ReactDOM'","    }","  },","\tmodule: {","\t\tloaders: [","\t\t\t{","        test: /\\.(?:js|es).?$/,","        loader: 'babel-loader?cacheDirectory',","        exclude: /(node_modules)/","      }","\t\t]","\t},","  resolve: {","    extensions: ['', '.webpack.js', '.web.js', '.js', '.es6']","  },","  plugins: [","    new webpack.DefinePlugin({","      'process.env': {","        DRAGGABLE_DEBUG: process.env.DRAGGABLE_DEBUG","      }","    })","  ]","};",""],"l":{"1":2,"3":0}}}